Mplus VERSION 8.2
MUTHEN & MUTHEN
12/03/2018  11:02 AM

INPUT INSTRUCTIONS


  DATA:   FILE=example data.dat;
  VARIABLE:
      names =
         t1x1 t1x2 t1x3
  	   t2x1 t2x2 t2x3
  	   t3x1 t3x2 t3x3
  	   t4x1 t4x2 t4x3
  	   t1m1 t1m2 t1m3
  	   t2m1 t2m2 t2m3
  	   t3m1 t3m2 t3m3
  	   t4m1 t4m2 t4m3
  	   t1y1 t1y2 t1y3
  	   t2y1 t2y2 t2y3
         t3y1 t3y2 t3y3
  	   t4y1 t4y2 t4y3;
     USEVARIABLES = ALL;

  MODEL:

     t1x by t1x1@1
            t1x2(L1X2)
            t1x3(L1X3);

     t1m by t1m1@1
            t1m2(L1M2)
            t1m3(L1M3);

     t1y by t1y1@1
            t1y2(L1Y2)
            t1y3(L1Y3);

     t2x by t2x1@1
            t2x2(L2X2)
            t2x3(L2X3);

     t2m by t2m1@1
            t2m2(L2M2)
            t2m3(L2M3);

     t2y by t2y1@1
            t2y2(L2Y2)
            t2y3(L2Y3);

     t3x by t3x1@1
            t3x2(L3X2)
            t3x3(L3X3);

     t3m by t3m1@1
            t3m2(L3M2)
            t3m3(L3M3);

     t3y by t3y1@1
            t3y2(L3Y2)
            t3y3(L3Y3);

     t4x by t4x1@1
            t4x2(L4X2)
            t4x3(L4X3);

     t4m by t4m1@1
            t4m2(L4M2)
            t4m3(L4M3);

     t4y by t4y1@1
            t4y2(L4Y2)
            t4y3(L4Y3);

    t1x(ft1x);t2x(ft2x);t3x(ft3x);t4x(ft4x);
    t1m(ft1m);t2m(ft2m);t3m(ft3m);t4m(ft4m);
    t1y(ft1y);t2y(ft2y);t3y(ft3y);t4y(ft4y);


  truex1 by;
  truex1@0;
  truex1 on t1x(gx1);

  truem1 by;
  truem1@0;
  truem1 on t1m(gm1);

  truey1 by;
  truey1@0;
  truey1 on t1y(gy1);

  truex2 by;
  truex2@0;
  truex2 on t2x(gx2);

  truem2 by;
  truem2@0;
  truem2 on t2m(gm2);

  truey2 by;
  truey2@0;
  truey2 on t2y(gy2);

  truex3 by;
  truex3@0;
  truex3 on t3x(gx3);

  truem3 by;
  truem3@0;
  truem3 on t3m(gm3);

  truey3 by;
  truey3@0;
  truey3 on t3y(gy3);

  truex4 by;
  truex4@0;
  truex4 on t4x(gx4);

  truem4 by;
  truem4@0;
  truem4 on t4m(gm4);

  truey4 by;
  truey4@0;
  truey4 on t4y(gy4);


  truex1 with truem1@0 truey1@0 truex2@0 truem2@0 truey2@0
    truex3@0 truem3@0 truey3@0 truex4@0 truem4@0 truey4@0;
  truem1 with truey1@0 truex2@0 truem2@0 truey2@0
    truex3@0 truem3@0 truey3@0 truex4@0 truem4@0 truey4@0;
  truey1 with truex2@0 truem2@0 truey2@0
    truex3@0 truem3@0 truey3@0 truex4@0 truem4@0 truey4@0;
  truex2 with truem2@0 truey2@0
    truex3@0 truem3@0 truey3@0 truex4@0 truem4@0 truey4@0;
  truem2 with truey2@0 truex3@0 truem3@0 truey3@0 truex4@0 truem4@0 truey4@0;
  truey2 with truex3@0 truem3@0 truey3@0 truex4@0 truem4@0 truey4@0;
  truex3 with truem3@0 truey3@0 truex4@0 truem4@0 truey4@0;
  truem3 with truey3@0 truex4@0 truem4@0 truey4@0;
  truey3 with truex4@0 truem4@0 truey4@0;
  truex4 with truem4@0 truey4@0;
  truem4 with truey4@0;

  t1x1-t1x3(ex11-ex13);
  t2x1-t2x3(ex21-ex23);
  t3x1-t3x3(ex31-ex33);
  t4x1-t4x3(ex41-ex43);

  t1m1-t1m3(em11-em13);
  t2m1-t2m3(em21-em23);
  t3m1-t3m3(em31-em33);
  t4m1-t4m3(em41-em43);

  t1y1-t1y3(ey11-ey13);
  t2y1-t2y3(ey21-ey23);
  t3y1-t3y3(ey31-ey33);
  t4y1-t4y3(ey41-ey43);

   MODEL CONSTRAINT:
      NEW(truex1 truex2 truex3 truex4
      truem1 truem2 truem3  truem4
      truey1 truey2 truey3 truey4
      et1x et2x et3x et4x
      et1m et2m et3m et4m
      et1y et2y et3y et4y
      rel_t1x rel_t2x rel_t3x rel_t4x
      rel_t1m rel_t2m rel_t3m rel_t4m
      rel_t1y rel_t2y rel_t3y rel_t4y);

   gx1=1+L1X2+L1X3;
    gx2=1+L2X2+L2X3;
     gx3=1+L3X2+L3X3;
      gx4=1+L4X2+L4X3;
   gm1=1+L1M2+L1M3;
   gm2=1+L2M2+L2M3;
    gm3=1+L3M2+L3M3;
       gm4=1+L4M2+L4M3;
   gy1=1+L1Y2+L1Y3;
   gy2=1+L2Y2+L2Y3;
    gy3=1+L3Y2+L3Y3;
    gy4=1+L4Y2+L4Y3;

   truex1=gx1*gx1;
   truem1=gm1*gm1;
   truey1=gy1*gy1;

    truex2=gx2*gx2;
   truem2=gm2*gm2;
   truey2=gy2*gy2;

    truex3=gx3*gx3;
   truem3=gm3*gm3;
   truey3=gy3*gy3;

     truex4=gx4*gx4;
   truem4=gm4*gm4;
   truey4=gy4*gy4;

   et1x=ex11+ex12+ex13;
   et2x=ex21+ex22+ex23;
   et3x=ex31+ex32+ex33;
   et4x=ex41+ex42+ex43;

   et1m=em11+em12+em13;
   et2m=em21+em22+em23;
   et3m=em31+em32+em33;
   et4m=em41+em42+em43;

   et1y=ey11+ey12+ey13;
   et2y=ey21+ey22+ey23;
   et3y=ey31+ey32+ey33;
   et4y=ey41+ey42+ey43;

   rel_t1x=(truex1*ft1x)/(truex1*ft1x+et1x);
   rel_t2x=(truex2*ft2x)/(truex2*ft2x+et2x);
   rel_t3x=(truex3*ft3x)/(truex3*ft3x+et3x);
   rel_t4x=(truex4*ft4x)/(truex4*ft4x+et4x);

   rel_t1m=(truem1*ft1m)/(truem1*ft1m+et1m);
   rel_t2m=(truem2*ft2m)/(truem2*ft2m+et2m);
   rel_t3m=(truem3*ft3m)/(truem3*ft3m+et3m);
   rel_t4m=(truem4*ft4m)/(truem4*ft4m+et4m);

   rel_t1y=(truey1*ft1y)/(truey1*ft1y+et1y);
   rel_t2y=(truey2*ft2y)/(truey2*ft2y+et2y);
   rel_t3y=(truey3*ft3y)/(truey3*ft3y+et3y);
   rel_t4y=(truey4*ft4y)/(truey4*ft4y+et4y);





INPUT READING TERMINATED NORMALLY




SUMMARY OF ANALYSIS

Number of groups                                                 1
Number of observations                                         200

Number of dependent variables                                   36
Number of independent variables                                  0
Number of continuous latent variables                           24

Observed dependent variables

  Continuous
   T1X1        T1X2        T1X3        T2X1        T2X2        T2X3
   T3X1        T3X2        T3X3        T4X1        T4X2        T4X3
   T1M1        T1M2        T1M3        T2M1        T2M2        T2M3
   T3M1        T3M2        T3M3        T4M1        T4M2        T4M3
   T1Y1        T1Y2        T1Y3        T2Y1        T2Y2        T2Y3
   T3Y1        T3Y2        T3Y3        T4Y1        T4Y2        T4Y3

Continuous latent variables
   T1X         T1M         T1Y         T2X         T2M         T2Y
   T3X         T3M         T3Y         T4X         T4M         T4Y
   TRUEX1      TRUEM1      TRUEY1      TRUEX2      TRUEM2      TRUEY2
   TRUEX3      TRUEM3      TRUEY3      TRUEX4      TRUEM4      TRUEY4


Estimator                                                       ML
Information matrix                                        OBSERVED
Maximum number of iterations                                  1000
Convergence criterion                                    0.500D-04
Maximum number of steepest descent iterations                   20

Input data file(s)
  example data.dat

Input data format  FREE



UNIVARIATE SAMPLE STATISTICS


     UNIVARIATE HIGHER-ORDER MOMENT DESCRIPTIVE STATISTICS

         Variable/         Mean/     Skewness/   Minimum/ % with                Percentiles
        Sample Size      Variance    Kurtosis    Maximum  Min/Max      20%/60%    40%/80%    Median

     T1X1                  0.022      -0.116      -3.867    0.50%      -1.211     -0.357      0.033
             200.000       2.255      -0.270       3.632    0.50%       0.499      1.319
     T1X2                  0.008       0.192      -3.351    0.50%      -1.170     -0.338      0.014
             200.000       1.873      -0.188       4.210    0.50%       0.390      1.122
     T1X3                 -0.079       0.042      -3.968    0.50%      -1.317     -0.386     -0.094
             200.000       2.005      -0.121       4.374    0.50%       0.236      1.142
     T2X1                 -0.118       0.233      -3.872    0.50%      -1.457     -0.587     -0.214
             200.000       2.437      -0.045       4.539    0.50%       0.110      1.052
     T2X2                 -0.100       0.459      -3.731    0.50%      -1.351     -0.564     -0.254
             200.000       2.253       0.463       4.855    0.50%       0.056      1.006
     T2X3                  0.081       0.117      -3.231    0.50%      -1.171     -0.392      0.041
             200.000       1.926      -0.589       3.592    0.50%       0.345      1.431
     T3X1                  0.047      -0.125      -3.508    0.50%      -1.314     -0.330      0.136
             200.000       2.273      -0.494       3.482    0.50%       0.530      1.367
     T3X2                 -0.223      -0.291      -3.728    0.50%      -1.440     -0.472     -0.068
             200.000       1.908      -0.241       3.026    0.50%       0.260      0.981
     T3X3                 -0.185      -0.093      -4.037    0.50%      -1.307     -0.521     -0.180
             200.000       1.970       0.174       3.772    0.50%       0.164      0.972
     T4X1                 -0.035      -0.185      -4.610    0.50%      -1.070     -0.315      0.056
             200.000       1.969       0.510       3.920    0.50%       0.304      1.074
     T4X2                  0.033      -0.133      -4.418    0.50%      -1.256     -0.356      0.064
             200.000       2.526       0.005       4.570    0.50%       0.472      1.452
     T4X3                  0.093       0.070      -3.942    0.50%      -1.094     -0.325      0.065
             200.000       2.072       0.237       4.589    0.50%       0.411      1.264
     T1M1                 -0.066      -0.059      -3.805    0.50%      -1.388     -0.431     -0.097
             200.000       2.092      -0.037       3.768    0.50%       0.393      1.187
     T1M2                  0.083       0.148      -3.238    0.50%      -1.158     -0.355     -0.001
             200.000       2.059      -0.304       3.684    0.50%       0.429      1.224
     T1M3                  0.024       0.040      -2.982    0.50%      -0.904     -0.246      0.045
             200.000       0.997      -0.305       2.734    0.50%       0.243      0.876
     T2M1                 -0.050       0.127      -3.063    0.50%      -1.141     -0.512     -0.088
             200.000       1.592      -0.250       3.767    0.50%       0.295      1.101
     T2M2                 -0.096       0.096      -4.123    0.50%      -1.218     -0.459     -0.078
             200.000       1.958       0.013       3.664    0.50%       0.253      0.981
     T2M3                  0.016       0.045      -2.436    0.50%      -0.853     -0.221      0.087
             200.000       0.931       0.014       2.915    0.50%       0.298      0.776
     T3M1                 -0.006      -0.016      -3.809    0.50%      -0.989     -0.314     -0.046
             200.000       1.948       0.400       4.537    0.50%       0.144      1.167
     T3M2                 -0.031      -0.139      -4.143    0.50%      -1.285     -0.276      0.087
             200.000       2.168       0.157       4.361    0.50%       0.393      1.175
     T3M3                  0.056      -0.122      -2.917    0.50%      -0.735     -0.179      0.090
             200.000       0.988      -0.081       2.576    0.50%       0.316      0.949
     T4M1                 -0.023       0.209      -3.447    0.50%      -1.231     -0.515     -0.120
             200.000       1.853       0.015       5.013    0.50%       0.322      1.188
     T4M2                  0.030       0.220      -3.626    0.50%      -1.223     -0.467      0.066
             200.000       2.304       0.720       6.329    0.50%       0.381      1.270
     T4M3                 -0.020       0.012      -2.276    0.50%      -0.795     -0.293     -0.047
             200.000       0.942      -0.074       2.935    0.50%       0.214      0.836
     T1Y1                  0.008      -0.026      -3.145    0.50%      -1.184     -0.211      0.075
             200.000       1.662      -0.436       3.254    0.50%       0.313      1.086
     T1Y2                  0.058      -0.099      -3.058    0.50%      -1.048     -0.251      0.096
             200.000       1.217      -0.220       3.000    0.50%       0.372      0.977
     T1Y3                 -0.109      -0.157      -2.995    0.50%      -1.037     -0.447     -0.170
             200.000       1.150      -0.183       2.247    0.50%       0.239      0.828
     T2Y1                 -0.051      -0.006      -2.937    0.50%      -1.261     -0.422     -0.007
             200.000       1.652      -0.480       3.648    0.50%       0.355      1.110
     T2Y2                 -0.140       0.003      -3.122    0.50%      -1.210     -0.429     -0.185
             200.000       1.358      -0.234       3.165    0.50%       0.126      0.803
     T2Y3                 -0.064       0.091      -2.889    0.50%      -1.061     -0.315     -0.102
             200.000       1.198      -0.247       2.842    0.50%       0.168      0.819
     T3Y1                 -0.057       0.356      -2.519    0.50%      -1.047     -0.415     -0.025
             200.000       1.380       0.046       3.687    0.50%       0.208      0.776
     T3Y2                 -0.085       0.052      -2.720    0.50%      -1.182     -0.339     -0.051
             200.000       1.488      -0.336       3.118    0.50%       0.271      0.886
     T3Y3                 -0.057      -0.001      -2.992    0.50%      -1.065     -0.344     -0.094
             200.000       1.449      -0.382       3.048    0.50%       0.233      1.003
     T4Y1                  0.026      -0.096      -3.453    0.50%      -1.130     -0.251      0.001
             200.000       1.527      -0.334       2.783    0.50%       0.350      1.062
     T4Y2                  0.027       0.086      -3.950    0.50%      -1.064     -0.327     -0.019
             200.000       1.526      -0.028       3.483    0.50%       0.326      1.044
     T4Y3                  0.048      -0.321      -4.096    0.50%      -1.090     -0.193      0.054
             200.000       1.838      -0.024       3.055    0.50%       0.357      1.371


THE MODEL ESTIMATION TERMINATED NORMALLY



MODEL FIT INFORMATION

Number of Free Parameters                      174

Loglikelihood

          H0 Value                       -9988.951
          H1 Value                       -9698.722

Information Criteria

          Akaike (AIC)                   20325.902
          Bayesian (BIC)                 20899.809
          Sample-Size Adjusted BIC       20348.559
            (n* = (n + 2) / 24)

Chi-Square Test of Model Fit

          Value                            580.459
          Degrees of Freedom                   528
          P-Value                           0.0566

RMSEA (Root Mean Square Error Of Approximation)

          Estimate                           0.022
          90 Percent C.I.                    0.000  0.033
          Probability RMSEA <= .05           1.000

CFI/TLI

          CFI                                0.987
          TLI                                0.985

Chi-Square Test of Model Fit for the Baseline Model

          Value                           4773.791
          Degrees of Freedom                   630
          P-Value                           0.0000

SRMR (Standardized Root Mean Square Residual)

          Value                              0.042



MODEL RESULTS

                                                    Two-Tailed
                    Estimate       S.E.  Est./S.E.    P-Value

 T1X      BY
    T1X1               1.000      0.000    999.000    999.000
    T1X2               0.998      0.082     12.205      0.000
    T1X3               0.444      0.086      5.154      0.000

 T1M      BY
    T1M1               1.000      0.000    999.000    999.000
    T1M2               1.105      0.095     11.689      0.000
    T1M3               0.701      0.064     11.015      0.000

 T1Y      BY
    T1Y1               1.000      0.000    999.000    999.000
    T1Y2               1.076      0.086     12.578      0.000
    T1Y3               0.940      0.078     12.103      0.000

 T2X      BY
    T2X1               1.000      0.000    999.000    999.000
    T2X2               1.090      0.087     12.476      0.000
    T2X3               0.578      0.081      7.106      0.000

 T2M      BY
    T2M1               1.000      0.000    999.000    999.000
    T2M2               1.265      0.106     11.979      0.000
    T2M3               0.670      0.070      9.590      0.000

 T2Y      BY
    T2Y1               1.000      0.000    999.000    999.000
    T2Y2               0.963      0.055     17.561      0.000
    T2Y3               0.876      0.052     16.772      0.000

 T3X      BY
    T3X1               1.000      0.000    999.000    999.000
    T3X2               0.934      0.075     12.415      0.000
    T3X3               0.616      0.082      7.558      0.000

 T3M      BY
    T3M1               1.000      0.000    999.000    999.000
    T3M2               1.161      0.114     10.227      0.000
    T3M3               0.672      0.076      8.805      0.000

 T3Y      BY
    T3Y1               1.000      0.000    999.000    999.000
    T3Y2               1.199      0.077     15.479      0.000
    T3Y3               1.161      0.076     15.298      0.000

 T4X      BY
    T4X1               1.000      0.000    999.000    999.000
    T4X2               1.217      0.090     13.512      0.000
    T4X3               0.564      0.087      6.474      0.000

 T4M      BY
    T4M1               1.000      0.000    999.000    999.000
    T4M2               1.264      0.086     14.744      0.000
    T4M3               0.688      0.054     12.791      0.000

 T4Y      BY
    T4Y1               1.000      0.000    999.000    999.000
    T4Y2               1.051      0.066     15.892      0.000
    T4Y3               1.063      0.074     14.316      0.000

 TRUEX1   ON
    T1X                2.442      0.131     18.591      0.000

 TRUEM1   ON
    T1M                2.806      0.139     20.176      0.000

 TRUEY1   ON
    T1Y                3.016      0.150     20.126      0.000

 TRUEX2   ON
    T2X                2.668      0.139     19.236      0.000

 TRUEM2   ON
    T2M                2.935      0.152     19.301      0.000

 TRUEY2   ON
    T2Y                2.840      0.095     29.835      0.000

 TRUEX3   ON
    T3X                2.551      0.128     19.928      0.000

 TRUEM3   ON
    T3M                2.832      0.167     16.916      0.000

 TRUEY3   ON
    T3Y                3.359      0.142     23.730      0.000

 TRUEX4   ON
    T4X                2.781      0.142     19.564      0.000

 TRUEM4   ON
    T4M                2.952      0.123     23.928      0.000

 TRUEY4   ON
    T4Y                3.113      0.121     25.690      0.000

 TRUEX1   WITH
    TRUEM1             0.000      0.000    999.000    999.000
    TRUEY1             0.000      0.000    999.000    999.000
    TRUEX2             0.000      0.000    999.000    999.000
    TRUEM2             0.000      0.000    999.000    999.000
    TRUEY2             0.000      0.000    999.000    999.000
    TRUEX3             0.000      0.000    999.000    999.000
    TRUEM3             0.000      0.000    999.000    999.000
    TRUEY3             0.000      0.000    999.000    999.000
    TRUEX4             0.000      0.000    999.000    999.000
    TRUEM4             0.000      0.000    999.000    999.000
    TRUEY4             0.000      0.000    999.000    999.000

 TRUEM1   WITH
    TRUEY1             0.000      0.000    999.000    999.000
    TRUEX2             0.000      0.000    999.000    999.000
    TRUEM2             0.000      0.000    999.000    999.000
    TRUEY2             0.000      0.000    999.000    999.000
    TRUEX3             0.000      0.000    999.000    999.000
    TRUEM3             0.000      0.000    999.000    999.000
    TRUEY3             0.000      0.000    999.000    999.000
    TRUEX4             0.000      0.000    999.000    999.000
    TRUEM4             0.000      0.000    999.000    999.000
    TRUEY4             0.000      0.000    999.000    999.000

 TRUEY1   WITH
    TRUEX2             0.000      0.000    999.000    999.000
    TRUEM2             0.000      0.000    999.000    999.000
    TRUEY2             0.000      0.000    999.000    999.000
    TRUEX3             0.000      0.000    999.000    999.000
    TRUEM3             0.000      0.000    999.000    999.000
    TRUEY3             0.000      0.000    999.000    999.000
    TRUEX4             0.000      0.000    999.000    999.000
    TRUEM4             0.000      0.000    999.000    999.000
    TRUEY4             0.000      0.000    999.000    999.000

 TRUEX2   WITH
    TRUEM2             0.000      0.000    999.000    999.000
    TRUEY2             0.000      0.000    999.000    999.000
    TRUEX3             0.000      0.000    999.000    999.000
    TRUEM3             0.000      0.000    999.000    999.000
    TRUEY3             0.000      0.000    999.000    999.000
    TRUEX4             0.000      0.000    999.000    999.000
    TRUEM4             0.000      0.000    999.000    999.000
    TRUEY4             0.000      0.000    999.000    999.000

 TRUEM2   WITH
    TRUEY2             0.000      0.000    999.000    999.000
    TRUEX3             0.000      0.000    999.000    999.000
    TRUEM3             0.000      0.000    999.000    999.000
    TRUEY3             0.000      0.000    999.000    999.000
    TRUEX4             0.000      0.000    999.000    999.000
    TRUEM4             0.000      0.000    999.000    999.000
    TRUEY4             0.000      0.000    999.000    999.000

 TRUEY2   WITH
    TRUEX3             0.000      0.000    999.000    999.000
    TRUEM3             0.000      0.000    999.000    999.000
    TRUEY3             0.000      0.000    999.000    999.000
    TRUEX4             0.000      0.000    999.000    999.000
    TRUEM4             0.000      0.000    999.000    999.000
    TRUEY4             0.000      0.000    999.000    999.000

 TRUEX3   WITH
    TRUEM3             0.000      0.000    999.000    999.000
    TRUEY3             0.000      0.000    999.000    999.000
    TRUEX4             0.000      0.000    999.000    999.000
    TRUEM4             0.000      0.000    999.000    999.000
    TRUEY4             0.000      0.000    999.000    999.000

 TRUEM3   WITH
    TRUEY3             0.000      0.000    999.000    999.000
    TRUEX4             0.000      0.000    999.000    999.000
    TRUEM4             0.000      0.000    999.000    999.000
    TRUEY4             0.000      0.000    999.000    999.000

 TRUEY3   WITH
    TRUEX4             0.000      0.000    999.000    999.000
    TRUEM4             0.000      0.000    999.000    999.000
    TRUEY4             0.000      0.000    999.000    999.000

 TRUEX4   WITH
    TRUEM4             0.000      0.000    999.000    999.000
    TRUEY4             0.000      0.000    999.000    999.000

 TRUEM4   WITH
    TRUEY4             0.000      0.000    999.000    999.000

 T1M      WITH
    T1X                0.289      0.116      2.480      0.013

 T1Y      WITH
    T1X                0.512      0.110      4.673      0.000
    T1M                0.159      0.088      1.816      0.069

 T2X      WITH
    T1X                1.044      0.166      6.289      0.000
    T1M                0.162      0.116      1.400      0.161
    T1Y                0.304      0.100      3.028      0.002

 T2M      WITH
    T1X                0.431      0.109      3.965      0.000
    T1M                0.733      0.119      6.131      0.000
    T1Y                0.063      0.076      0.835      0.403
    T2X                0.225      0.105      2.135      0.033

 T2Y      WITH
    T1X                0.325      0.113      2.873      0.004
    T1M                0.436      0.108      4.039      0.000
    T1Y                0.601      0.103      5.843      0.000
    T2X                0.378      0.115      3.290      0.001
    T2M                0.129      0.088      1.475      0.140

 T3X      WITH
    T1X                0.923      0.157      5.885      0.000
    T1M                0.133      0.116      1.140      0.254
    T1Y                0.266      0.100      2.660      0.008
    T2X                1.176      0.176      6.680      0.000
    T2M                0.242      0.106      2.286      0.022
    T2Y                0.348      0.115      3.021      0.003

 T3M      WITH
    T1X                0.389      0.120      3.248      0.001
    T1M                0.401      0.108      3.698      0.000
    T1Y                0.146      0.084      1.730      0.084
    T2X                0.247      0.113      2.190      0.029
    T2M                0.536      0.107      5.025      0.000
    T2Y                0.280      0.099      2.826      0.005
    T3X                0.288      0.116      2.488      0.013

 T3Y      WITH
    T1X                0.252      0.095      2.653      0.008
    T1M                0.189      0.086      2.200      0.028
    T1Y                0.298      0.077      3.853      0.000
    T2X                0.287      0.097      2.963      0.003
    T2M                0.075      0.074      1.011      0.312
    T2Y                0.673      0.103      6.543      0.000
    T3X                0.370      0.100      3.690      0.000
    T3M                0.141      0.082      1.726      0.084

 T4X      WITH
    T1X                0.596      0.130      4.568      0.000
    T1M                0.076      0.109      0.696      0.486
    T1Y                0.077      0.090      0.858      0.391
    T2X                0.789      0.144      5.464      0.000
    T2M                0.154      0.099      1.552      0.121
    T2Y                0.139      0.104      1.341      0.180
    T3X                1.121      0.163      6.871      0.000
    T3M                0.194      0.106      1.828      0.068
    T3Y                0.153      0.088      1.725      0.084

 T4M      WITH
    T1X                0.449      0.118      3.814      0.000
    T1M                0.268      0.104      2.577      0.010
    T1Y                0.126      0.085      1.494      0.135
    T2X                0.290      0.115      2.535      0.011
    T2M                0.357      0.098      3.646      0.000
    T2Y                0.159      0.097      1.636      0.102
    T3X                0.310      0.116      2.669      0.008
    T3M                0.738      0.128      5.780      0.000
    T3Y                0.109      0.082      1.335      0.182
    T4X                0.200      0.107      1.877      0.060

 T4Y      WITH
    T1X                0.335      0.109      3.060      0.002
    T1M                0.204      0.097      2.106      0.035
    T1Y                0.194      0.083      2.345      0.019
    T2X                0.238      0.108      2.197      0.028
    T2M                0.105      0.085      1.244      0.214
    T2Y                0.476      0.101      4.729      0.000
    T3X                0.355      0.112      3.161      0.002
    T3M                0.345      0.098      3.501      0.000
    T3Y                0.562      0.094      5.975      0.000
    T4X                0.327      0.105      3.126      0.002
    T4M                0.177      0.094      1.886      0.059

 Intercepts
    T1X1               0.022      0.106      0.206      0.837
    T1X2               0.008      0.097      0.080      0.936
    T1X3              -0.079      0.100     -0.791      0.429
    T2X1              -0.118      0.110     -1.071      0.284
    T2X2              -0.100      0.106     -0.940      0.347
    T2X3               0.081      0.098      0.821      0.412
    T3X1               0.047      0.107      0.443      0.658
    T3X2              -0.223      0.098     -2.278      0.023
    T3X3              -0.185      0.099     -1.863      0.062
    T4X1              -0.035      0.099     -0.357      0.721
    T4X2               0.033      0.112      0.298      0.766
    T4X3               0.093      0.102      0.919      0.358
    T1M1              -0.066      0.102     -0.645      0.519
    T1M2               0.083      0.101      0.815      0.415
    T1M3               0.024      0.071      0.338      0.736
    T2M1              -0.050      0.089     -0.564      0.573
    T2M2              -0.096      0.099     -0.971      0.332
    T2M3               0.016      0.068      0.229      0.819
    T3M1              -0.006      0.099     -0.064      0.949
    T3M2              -0.031      0.104     -0.300      0.764
    T3M3               0.056      0.070      0.801      0.423
    T4M1              -0.023      0.096     -0.238      0.812
    T4M2               0.030      0.107      0.277      0.781
    T4M3              -0.020      0.069     -0.287      0.774
    T1Y1               0.008      0.091      0.092      0.926
    T1Y2               0.058      0.078      0.747      0.455
    T1Y3              -0.109      0.076     -1.438      0.151
    T2Y1              -0.051      0.091     -0.560      0.576
    T2Y2              -0.140      0.082     -1.701      0.089
    T2Y3              -0.064      0.077     -0.821      0.411
    T3Y1              -0.057      0.083     -0.688      0.491
    T3Y2              -0.085      0.086     -0.989      0.323
    T3Y3              -0.057      0.085     -0.669      0.503
    T4Y1               0.026      0.087      0.301      0.764
    T4Y2               0.027      0.087      0.304      0.761
    T4Y3               0.048      0.096      0.506      0.613

 Variances
    T1X                1.467      0.228      6.430      0.000
    T1M                1.246      0.205      6.088      0.000
    T1Y                0.921      0.155      5.923      0.000
    T2X                1.525      0.241      6.329      0.000
    T2M                0.966      0.157      6.163      0.000
    T2Y                1.227      0.164      7.496      0.000
    T3X                1.505      0.227      6.628      0.000
    T3M                1.086      0.191      5.681      0.000
    T3Y                0.890      0.132      6.730      0.000
    T4X                1.395      0.202      6.902      0.000
    T4M                1.252      0.183      6.826      0.000
    T4Y                1.122      0.153      7.322      0.000

 Residual Variances
    T1X1               0.788      0.117      6.755      0.000
    T1X2               0.411      0.093      4.408      0.000
    T1X3               1.717      0.176      9.750      0.000
    T2X1               0.912      0.124      7.376      0.000
    T2X2               0.441      0.107      4.138      0.000
    T2X3               1.416      0.149      9.506      0.000
    T3X1               0.768      0.108      7.111      0.000
    T3X2               0.594      0.090      6.615      0.000
    T3X3               1.399      0.149      9.408      0.000
    T4X1               0.574      0.093      6.165      0.000
    T4X2               0.459      0.119      3.855      0.000
    T4X3               1.627      0.169      9.655      0.000
    T1M1               0.846      0.112      7.582      0.000
    T1M2               0.537      0.100      5.383      0.000
    T1M3               0.384      0.053      7.286      0.000
    T2M1               0.626      0.084      7.451      0.000
    T2M2               0.412      0.094      4.381      0.000
    T2M3               0.498      0.057      8.689      0.000
    T3M1               0.862      0.116      7.431      0.000
    T3M2               0.704      0.123      5.711      0.000
    T3M3               0.498      0.063      7.957      0.000
    T4M1               0.600      0.081      7.421      0.000
    T4M2               0.304      0.088      3.468      0.001
    T4M3               0.349      0.043      8.120      0.000
    T1Y1               0.741      0.087      8.533      0.000
    T1Y2               0.151      0.046      3.282      0.001
    T1Y3               0.336      0.047      7.082      0.000
    T2Y1               0.425      0.056      7.616      0.000
    T2Y2               0.220      0.038      5.741      0.000
    T2Y3               0.256      0.037      6.946      0.000
    T3Y1               0.489      0.057      8.573      0.000
    T3Y2               0.209      0.042      5.026      0.000
    T3Y3               0.250      0.042      5.926      0.000
    T4Y1               0.405      0.059      6.901      0.000
    T4Y2               0.287      0.055      5.221      0.000
    T4Y3               0.571      0.077      7.425      0.000
    TRUEX1             0.000      0.000    999.000    999.000
    TRUEM1             0.000      0.000    999.000    999.000
    TRUEY1             0.000      0.000    999.000    999.000
    TRUEX2             0.000      0.000    999.000    999.000
    TRUEM2             0.000      0.000    999.000    999.000
    TRUEY2             0.000      0.000    999.000    999.000
    TRUEX3             0.000      0.000    999.000    999.000
    TRUEM3             0.000      0.000    999.000    999.000
    TRUEY3             0.000      0.000    999.000    999.000
    TRUEX4             0.000      0.000    999.000    999.000
    TRUEM4             0.000      0.000    999.000    999.000
    TRUEY4             0.000      0.000    999.000    999.000

New/Additional Parameters
    TRUEX1             5.963      0.641      9.296      0.000
    TRUEX2             7.119      0.740      9.618      0.000
    TRUEX3             6.507      0.653      9.964      0.000
    TRUEX4             7.737      0.791      9.782      0.000
    TRUEM1             7.873      0.780     10.088      0.000
    TRUEM2             8.612      0.892      9.651      0.000
    TRUEM3             8.023      0.949      8.458      0.000
    TRUEM4             8.715      0.728     11.964      0.000
    TRUEY1             9.098      0.904     10.063      0.000
    TRUEY2             8.063      0.541     14.917      0.000
    TRUEY3            11.284      0.951     11.865      0.000
    TRUEY4             9.693      0.755     12.845      0.000
    ET1X               2.916      0.211     13.825      0.000
    ET2X               2.770      0.197     14.088      0.000
    ET3X               2.761      0.197     14.015      0.000
    ET4X               2.660      0.198     13.460      0.000
    ET1M               1.767      0.134     13.167      0.000
    ET2M               1.536      0.114     13.517      0.000
    ET3M               2.065      0.158     13.053      0.000
    ET4M               1.253      0.095     13.258      0.000
    ET1Y               1.228      0.093     13.213      0.000
    ET2Y               0.901      0.065     13.768      0.000
    ET3Y               0.948      0.068     13.873      0.000
    ET4Y               1.262      0.091     13.897      0.000
    REL_T1X            0.750      0.029     25.549      0.000
    REL_T2X            0.797      0.024     32.908      0.000
    REL_T3X            0.780      0.027     29.404      0.000
    REL_T4X            0.802      0.024     33.844      0.000
    REL_T1M            0.847      0.019     44.347      0.000
    REL_T2M            0.844      0.019     43.756      0.000
    REL_T3M            0.808      0.024     33.431      0.000
    REL_T4M            0.897      0.013     69.996      0.000
    REL_T1Y            0.872      0.016     55.360      0.000
    REL_T2Y            0.917      0.010     89.068      0.000
    REL_T3Y            0.914      0.011     86.457      0.000
    REL_T4Y            0.896      0.013     70.143      0.000


QUALITY OF NUMERICAL RESULTS

     Condition Number for the Information Matrix              0.541E-03
       (ratio of smallest to largest eigenvalue)


DIAGRAM INFORMATION

  Use View Diagram under the Diagram menu in the Mplus Editor to view the diagram.
  If running Mplus from the Mplus Diagrammer, the diagram opens automatically.

  Diagram output
    c:\users\yyang3\dropbox\empirical example for amm paper\lvc-amm_compute reliab.dgm

     Beginning Time:  11:02:36
        Ending Time:  11:02:38
       Elapsed Time:  00:00:02



MUTHEN & MUTHEN
3463 Stoner Ave.
Los Angeles, CA  90066

Tel: (310) 391-9971
Fax: (310) 391-8971
Web: www.StatModel.com
Support: Support@StatModel.com

Copyright (c) 1998-2018 Muthen & Muthen
