Mplus VERSION 8.2
MUTHEN & MUTHEN
12/03/2018  11:03 AM

INPUT INSTRUCTIONS


  DATA:   FILE=example data.dat;
  define:
  ot1x=   t1x1+ t1x2+ t1x3 ;
  ot2x=   t2x1+ t2x2+ t2x3 ;
  ot3x=   t3x1+ t3x2+ t3x3 ;
  ot4x=   t4x1+ t4x2+ t4x3 ;

  ot1m=   t1m1+ t1m2+ t1m3 ;
  ot2m=   t2m1+ t2m2+ t2m3 ;
  ot3m=   t3m1+ t3m2+ t3m3 ;
  ot4m=   t4m1+ t4m2+ t4m3 ;

  ot1y=   t1y1+ t1y2+ t1y3 ;
  ot2y=   t2y1+ t2y2+ t2y3;
  ot3y=   t3y1+ t3y2+ t3y3;
  ot4y=   t4y1+ t4y2+ t4y3;
  VARIABLE:
      names =
         t1x1 t1x2 t1x3
  	   t2x1 t2x2 t2x3
  	   t3x1 t3x2 t3x3
  	   t4x1 t4x2 t4x3
  	   t1m1 t1m2 t1m3
  	   t2m1 t2m2 t2m3
  	   t3m1 t3m2 t3m3
  	   t4m1 t4m2 t4m3
  	   t1y1 t1y2 t1y3
  	   t2y1 t2y2 t2y3
         t3y1 t3y2 t3y3
  	   t4y1 t4y2 t4y3;

    USEVARIABLES = ot1x ot2x ot3x ot4x ot1m ot2m ot3m ot4m ot1y ot2y ot3y ot4y;
  analysis:
  estimator=ml;

  MODEL:

  t1x by ot1x;
  ot1x@2.924;

  t2x by ot2x;
  ot2x@2.753;

  t3x by ot3x;
  ot3x@2.776;

  t4x by ot4x;
  ot4x@2.640;

  t1m by ot1m;
  ot1m@1.776;

  t2m by ot2m;
  ot2m@1.536;

  t3m by ot3m;
  ot3m@2.061;

  t4m by ot4m;
  ot4m@1.253;

  t1y by ot1y;
  ot1y@1.232;

  t2y by ot2y;
  ot2y@0.896;

  t3y by ot3y;
  ot3y@0.945;

  t4y by ot4y;
  ot4y@1.263;



        t2x on t1x(X0);
        t3x on t2x(X0);
        t4x on t3x(X0);
        t2m on t1m(M0);
        t3m on t2m(M0);
        t4m on t3m(M0);
        t2y on t1y(Y0);
        t3y on t2y(Y0);
        t4y on t3y(Y0);

        t2m on t1x(a);
        t3m on t2x(a);
        t4m on t3x(a);
        t2y on t1m(b);
        t3y on t2m(b);
        t4y on t3m(b);
        t2y on t1x(c);
        t3y on t2x(c);
        t4y on t3x(c);

       t1x(vt1x);t1m(vt1m);t1y(vt1y);
       t1x with t1m(rt1xm);
       t1x with t1y(rt1xy);
       t1m with t1y(rt1my);

       t2x(evtx);t2m(evtm);t2y(evty);
       t2x with t2m(ertxm);
       t2x with t2y(ertxy);
       t2m with t2y(ertmy);

       t3x(evtx);t3m(evtm);t3y(evty);
       t3x with t3m(ertxm);
       t3x with t3y(ertxy);
       t3m with t3y(ertmy);

       t4x(evtx);t4m(evtm);t4y(evty);
       t4x with t4m(ertxm);
       t4x with t4y(ertxy);
       t4m with t4y(ertmy);





   MODEL CONSTRAINT:
     NEW(med);
      med=a*b;

    evtx=vt1x*(1-X0*X0);
    evtm=vt1m-(a*a*vt1x+M0*M0*vt1m+2*a*M0*rt1xm);
    evty=vt1y-(b*b*vt1m+Y0*Y0*vt1y+c*c*vt1x+2*b*Y0*rt1my+2*c*Y0*rt1xy+2*b*c*rt1xm);

    ertxm=rt1xm-(X0*a*vt1x+X0*M0*rt1xm);
    ertxy=rt1xy-(X0*b*rt1xm+X0*Y0*rt1xy+X0*c*vt1x);
    ertmy=rt1my-(a*b*rt1xm+a*Y0*rt1xy+a*c*vt1x+M0*b*vt1m
          +M0*Y0*rt1my+M0*c*rt1xm);


  OUTPUT: stdyx residual cinterval;




INPUT READING TERMINATED NORMALLY




SUMMARY OF ANALYSIS

Number of groups                                                 1
Number of observations                                         200

Number of dependent variables                                   12
Number of independent variables                                  0
Number of continuous latent variables                           12

Observed dependent variables

  Continuous
   OT1X        OT2X        OT3X        OT4X        OT1M        OT2M
   OT3M        OT4M        OT1Y        OT2Y        OT3Y        OT4Y

Continuous latent variables
   T1X         T2X         T3X         T4X         T1M         T2M
   T3M         T4M         T1Y         T2Y         T3Y         T4Y


Estimator                                                       ML
Information matrix                                        OBSERVED
Maximum number of iterations                                  1000
Convergence criterion                                    0.500D-04
Maximum number of steepest descent iterations                   20

Input data file(s)
  example data.dat

Input data format  FREE



UNIVARIATE SAMPLE STATISTICS


     UNIVARIATE HIGHER-ORDER MOMENT DESCRIPTIVE STATISTICS

         Variable/         Mean/     Skewness/   Minimum/ % with                Percentiles
        Sample Size      Variance    Kurtosis    Maximum  Min/Max      20%/60%    40%/80%    Median

     OT1X                 -0.050       0.125     -10.864    0.50%      -2.449     -0.980     -0.204
             200.000      11.696       0.404      11.443    0.50%       0.632      2.678
     OT2X                 -0.137       0.373      -8.876    0.50%      -3.332     -1.255     -0.185
             200.000      13.561       0.009      11.437    0.50%       0.571      2.824
     OT3X                 -0.360      -0.156     -10.574    0.50%      -3.787     -1.102      0.105
             200.000      12.616      -0.239       9.374    0.50%       0.947      2.477
     OT4X                  0.092      -0.173      -9.978    0.50%      -2.774     -0.752      0.088
             200.000      13.331      -0.017       8.784    0.50%       1.155      3.154
     OT1M                  0.041       0.102      -9.506    0.50%      -3.122     -0.898     -0.015
             200.000      11.605      -0.142       9.175    0.50%       0.882      2.921
     OT2M                 -0.131       0.042      -8.781    0.50%      -2.561     -1.098     -0.253
             200.000       9.849      -0.068       9.308    0.50%       0.365      2.558
     OT3M                  0.019      -0.070      -9.503    0.50%      -2.524     -0.606     -0.043
             200.000      10.735       0.514      10.425    0.50%       0.785      2.760
     OT4M                 -0.013       0.191      -8.308    0.50%      -3.112     -1.258      0.084
             200.000      12.161       0.482      14.277    0.50%       1.227      2.951
     OT1Y                 -0.042      -0.140      -7.750    0.50%      -2.783     -0.790      0.034
             200.000       9.623      -0.392       6.919    0.50%       0.823      2.725
     OT2Y                 -0.255       0.039      -7.692    0.50%      -3.379     -1.203     -0.124
             200.000      10.795      -0.461       9.592    0.50%       0.649      2.507
     OT3Y                 -0.199       0.122      -7.491    0.50%      -3.388     -0.996      0.065
             200.000      10.993      -0.268       8.708    0.50%       0.600      2.459
     OT4Y                  0.101      -0.138     -11.006    0.50%      -2.922     -0.704      0.327
             200.000      12.140      -0.311       7.813    0.50%       1.315      2.947


THE MODEL ESTIMATION TERMINATED NORMALLY



MODEL FIT INFORMATION

Number of Free Parameters                       24

Loglikelihood

          H0 Value                       -5969.418
          H1 Value                       -5939.284

Information Criteria

          Akaike (AIC)                   11986.836
          Bayesian (BIC)                 12065.996
          Sample-Size Adjusted BIC       11989.961
            (n* = (n + 2) / 24)

Chi-Square Test of Model Fit

          Value                             60.267
          Degrees of Freedom                    66
          P-Value                           0.6757

RMSEA (Root Mean Square Error Of Approximation)

          Estimate                           0.000
          90 Percent C.I.                    0.000  0.035
          Probability RMSEA <= .05           0.997

CFI/TLI

          CFI                                1.000
          TLI                                1.008

Chi-Square Test of Model Fit for the Baseline Model

          Value                            800.131
          Degrees of Freedom                    66
          P-Value                           0.0000

SRMR (Standardized Root Mean Square Residual)

          Value                              0.051



MODEL RESULTS

                                                    Two-Tailed
                    Estimate       S.E.  Est./S.E.    P-Value

 T1X      BY
    OT1X               1.000      0.000    999.000    999.000

 T2X      BY
    OT2X               1.000      0.000    999.000    999.000

 T3X      BY
    OT3X               1.000      0.000    999.000    999.000

 T4X      BY
    OT4X               1.000      0.000    999.000    999.000

 T1M      BY
    OT1M               1.000      0.000    999.000    999.000

 T2M      BY
    OT2M               1.000      0.000    999.000    999.000

 T3M      BY
    OT3M               1.000      0.000    999.000    999.000

 T4M      BY
    OT4M               1.000      0.000    999.000    999.000

 T1Y      BY
    OT1Y               1.000      0.000    999.000    999.000

 T2Y      BY
    OT2Y               1.000      0.000    999.000    999.000

 T3Y      BY
    OT3Y               1.000      0.000    999.000    999.000

 T4Y      BY
    OT4Y               1.000      0.000    999.000    999.000

 T2X      ON
    T1X                0.771      0.029     26.969      0.000

 T3X      ON
    T2X                0.771      0.029     26.969      0.000

 T4X      ON
    T3X                0.771      0.029     26.969      0.000

 T2M      ON
    T1M                0.590      0.037     16.027      0.000
    T1X                0.127      0.036      3.511      0.000

 T3M      ON
    T2M                0.590      0.037     16.027      0.000
    T2X                0.127      0.036      3.511      0.000

 T4M      ON
    T3M                0.590      0.037     16.027      0.000
    T3X                0.127      0.036      3.511      0.000

 T2Y      ON
    T1Y                0.560      0.035     15.974      0.000
    T1M                0.160      0.037      4.372      0.000
    T1X                0.025      0.037      0.671      0.503

 T3Y      ON
    T2Y                0.560      0.035     15.974      0.000
    T2M                0.160      0.037      4.372      0.000
    T2X                0.025      0.037      0.671      0.503

 T4Y      ON
    T3Y                0.560      0.035     15.974      0.000
    T3M                0.160      0.037      4.372      0.000
    T3X                0.025      0.037      0.671      0.503

 T1X      WITH
    T1M                2.008      0.551      3.642      0.000
    T1Y                3.013      0.549      5.492      0.000

 T1M      WITH
    T1Y                1.333      0.474      2.811      0.005

 T2X      WITH
    T2M                0.111      0.288      0.386      0.699
    T2Y                1.269      0.288      4.411      0.000

 T2M      WITH
    T2Y               -0.333      0.279     -1.190      0.234

 T3X      WITH
    T3M                0.111      0.288      0.386      0.699
    T3Y                1.269      0.288      4.411      0.000

 T3M      WITH
    T3Y               -0.333      0.279     -1.190      0.234

 T4X      WITH
    T4M                0.111      0.288      0.386      0.699
    T4Y                1.269      0.288      4.411      0.000

 T4M      WITH
    T4Y               -0.333      0.279     -1.190      0.234

 Intercepts
    OT1X              -0.050      0.254     -0.195      0.845
    OT2X              -0.137      0.253     -0.544      0.586
    OT3X              -0.360      0.253     -1.425      0.154
    OT4X               0.092      0.251      0.364      0.716
    OT1M               0.041      0.238      0.170      0.865
    OT2M              -0.131      0.236     -0.555      0.579
    OT3M               0.019      0.241      0.078      0.938
    OT4M              -0.013      0.233     -0.055      0.956
    OT1Y              -0.042      0.235     -0.180      0.857
    OT2Y              -0.255      0.231     -1.101      0.271
    OT3Y              -0.199      0.232     -0.860      0.390
    OT4Y               0.101      0.235      0.431      0.667

 Variances
    T1X               10.008      0.856     11.685      0.000
    T1M                9.586      0.692     13.856      0.000
    T1Y                9.808      0.669     14.661      0.000

 Residual Variances
    OT1X               2.924      0.000    999.000    999.000
    OT2X               2.753      0.000    999.000    999.000
    OT3X               2.776      0.000    999.000    999.000
    OT4X               2.640      0.000    999.000    999.000
    OT1M               1.776      0.000    999.000    999.000
    OT2M               1.536      0.000    999.000    999.000
    OT3M               2.061      0.000    999.000    999.000
    OT4M               1.253      0.000    999.000    999.000
    OT1Y               1.232      0.000    999.000    999.000
    OT2Y               0.896      0.000    999.000    999.000
    OT3Y               0.945      0.000    999.000    999.000
    OT4Y               1.263      0.000    999.000    999.000
    T2X                4.054      0.432      9.389      0.000
    T3X                4.054      0.432      9.389      0.000
    T4X                4.054      0.432      9.389      0.000
    T2M                5.785      0.425     13.600      0.000
    T3M                5.785      0.425     13.600      0.000
    T4M                5.785      0.425     13.600      0.000
    T2Y                6.138      0.396     15.488      0.000
    T3Y                6.138      0.396     15.488      0.000
    T4Y                6.138      0.396     15.488      0.000

New/Additional Parameters
    MED                0.020      0.008      2.714      0.007


STANDARDIZED MODEL RESULTS


STDYX Standardization

                                                    Two-Tailed
                    Estimate       S.E.  Est./S.E.    P-Value

 T1X      BY
    OT1X               0.880      0.009    103.364      0.000

 T2X      BY
    OT2X               0.886      0.008    108.333      0.000

 T3X      BY
    OT3X               0.885      0.008    107.629      0.000

 T4X      BY
    OT4X               0.890      0.008    111.970      0.000

 T1M      BY
    OT1M               0.919      0.005    177.279      0.000

 T2M      BY
    OT2M               0.928      0.005    200.649      0.000

 T3M      BY
    OT3M               0.907      0.006    156.597      0.000

 T4M      BY
    OT4M               0.940      0.004    239.708      0.000

 T1Y      BY
    OT1Y               0.943      0.004    262.764      0.000

 T2Y      BY
    OT2Y               0.957      0.003    350.305      0.000

 T3Y      BY
    OT3Y               0.955      0.003    333.661      0.000

 T4Y      BY
    OT4Y               0.941      0.004    257.035      0.000

 T2X      ON
    T1X                0.771      0.029     26.969      0.000

 T3X      ON
    T2X                0.771      0.029     26.969      0.000

 T4X      ON
    T3X                0.771      0.029     26.969      0.000

 T2M      ON
    T1M                0.590      0.037     16.027      0.000
    T1X                0.130      0.037      3.538      0.000

 T3M      ON
    T2M                0.590      0.037     16.027      0.000
    T2X                0.130      0.037      3.538      0.000

 T4M      ON
    T3M                0.590      0.037     16.027      0.000
    T3X                0.130      0.037      3.538      0.000

 T2Y      ON
    T1Y                0.560      0.035     15.974      0.000
    T1M                0.159      0.036      4.456      0.000
    T1X                0.025      0.038      0.669      0.504

 T3Y      ON
    T2Y                0.560      0.035     15.974      0.000
    T2M                0.159      0.036      4.456      0.000
    T2X                0.025      0.038      0.669      0.504

 T4Y      ON
    T3Y                0.560      0.035     15.974      0.000
    T3M                0.159      0.036      4.456      0.000
    T3X                0.025      0.038      0.669      0.504

 T1X      WITH
    T1M                0.205      0.052      3.923      0.000
    T1Y                0.304      0.048      6.316      0.000

 T1M      WITH
    T1Y                0.138      0.047      2.941      0.003

 T2X      WITH
    T2M                0.023      0.059      0.387      0.699
    T2Y                0.254      0.054      4.721      0.000

 T2M      WITH
    T2Y               -0.056      0.047     -1.189      0.235

 T3X      WITH
    T3M                0.023      0.059      0.387      0.699
    T3Y                0.254      0.054      4.721      0.000

 T3M      WITH
    T3Y               -0.056      0.047     -1.189      0.235

 T4X      WITH
    T4M                0.023      0.059      0.387      0.699
    T4Y                0.254      0.054      4.721      0.000

 T4M      WITH
    T4Y               -0.056      0.047     -1.189      0.235

 Intercepts
    OT1X              -0.014      0.071     -0.195      0.845
    OT2X              -0.038      0.071     -0.544      0.587
    OT3X              -0.101      0.071     -1.423      0.155
    OT4X               0.026      0.071      0.364      0.716
    OT1M               0.012      0.071      0.170      0.865
    OT2M              -0.039      0.071     -0.555      0.579
    OT3M               0.005      0.071      0.078      0.938
    OT4M              -0.004      0.071     -0.055      0.956
    OT1Y              -0.013      0.071     -0.180      0.857
    OT2Y              -0.078      0.071     -1.100      0.271
    OT3Y              -0.061      0.071     -0.860      0.390
    OT4Y               0.030      0.071      0.431      0.667

 Variances
    T1X                1.000      0.000    999.000    999.000
    T1M                1.000      0.000    999.000    999.000
    T1Y                1.000      0.000    999.000    999.000

 Residual Variances
    OT1X               0.226      0.015     15.099      0.000
    OT2X               0.216      0.014     14.900      0.000
    OT3X               0.217      0.015     14.927      0.000
    OT4X               0.209      0.014     14.768      0.000
    OT1M               0.156      0.010     16.423      0.000
    OT2M               0.138      0.009     16.076      0.000
    OT3M               0.177      0.011     16.835      0.000
    OT4M               0.116      0.007     15.667      0.000
    OT1Y               0.112      0.007     16.503      0.000
    OT2Y               0.084      0.005     16.001      0.000
    OT3Y               0.088      0.005     16.074      0.000
    OT4Y               0.114      0.007     16.549      0.000
    T2X                0.405      0.044      9.182      0.000
    T3X                0.405      0.044      9.182      0.000
    T4X                0.405      0.044      9.182      0.000
    T2M                0.603      0.043     13.958      0.000
    T3M                0.603      0.043     13.958      0.000
    T4M                0.603      0.043     13.958      0.000
    T2Y                0.626      0.039     16.124      0.000
    T3Y                0.626      0.039     16.124      0.000
    T4Y                0.626      0.039     16.124      0.000


R-SQUARE

    Observed                                        Two-Tailed
    Variable        Estimate       S.E.  Est./S.E.    P-Value

    OT1X               0.774      0.015     51.682      0.000
    OT2X               0.784      0.014     54.167      0.000
    OT3X               0.783      0.015     53.815      0.000
    OT4X               0.791      0.014     55.985      0.000
    OT1M               0.844      0.010     88.640      0.000
    OT2M               0.862      0.009    100.325      0.000
    OT3M               0.823      0.011     78.298      0.000
    OT4M               0.884      0.007    119.854      0.000
    OT1Y               0.888      0.007    131.382      0.000
    OT2Y               0.916      0.005    175.153      0.000
    OT3Y               0.912      0.005    166.831      0.000
    OT4Y               0.886      0.007    128.517      0.000

     Latent                                         Two-Tailed
    Variable        Estimate       S.E.  Est./S.E.    P-Value

    T2X                0.595      0.044     13.484      0.000
    T3X                0.595      0.044     13.484      0.000
    T4X                0.595      0.044     13.484      0.000
    T2M                0.397      0.043      9.171      0.000
    T3M                0.397      0.043      9.171      0.000
    T4M                0.397      0.043      9.171      0.000
    T2Y                0.374      0.039      9.642      0.000
    T3Y                0.374      0.039      9.642      0.000
    T4Y                0.374      0.039      9.642      0.000


QUALITY OF NUMERICAL RESULTS

     Condition Number for the Information Matrix              0.421E-03
       (ratio of smallest to largest eigenvalue)


CONFIDENCE INTERVALS OF MODEL RESULTS

                  Lower .5%  Lower 2.5%    Lower 5%    Estimate    Upper 5%  Upper 2.5%   Upper .5%

 T1X      BY
    OT1X             1.000       1.000       1.000       1.000       1.000       1.000       1.000

 T2X      BY
    OT2X             1.000       1.000       1.000       1.000       1.000       1.000       1.000

 T3X      BY
    OT3X             1.000       1.000       1.000       1.000       1.000       1.000       1.000

 T4X      BY
    OT4X             1.000       1.000       1.000       1.000       1.000       1.000       1.000

 T1M      BY
    OT1M             1.000       1.000       1.000       1.000       1.000       1.000       1.000

 T2M      BY
    OT2M             1.000       1.000       1.000       1.000       1.000       1.000       1.000

 T3M      BY
    OT3M             1.000       1.000       1.000       1.000       1.000       1.000       1.000

 T4M      BY
    OT4M             1.000       1.000       1.000       1.000       1.000       1.000       1.000

 T1Y      BY
    OT1Y             1.000       1.000       1.000       1.000       1.000       1.000       1.000

 T2Y      BY
    OT2Y             1.000       1.000       1.000       1.000       1.000       1.000       1.000

 T3Y      BY
    OT3Y             1.000       1.000       1.000       1.000       1.000       1.000       1.000

 T4Y      BY
    OT4Y             1.000       1.000       1.000       1.000       1.000       1.000       1.000

 T2X      ON
    T1X              0.698       0.715       0.724       0.771       0.818       0.827       0.845

 T3X      ON
    T2X              0.698       0.715       0.724       0.771       0.818       0.827       0.845

 T4X      ON
    T3X              0.698       0.715       0.724       0.771       0.818       0.827       0.845

 T2M      ON
    T1M              0.495       0.518       0.529       0.590       0.651       0.662       0.685
    T1X              0.034       0.056       0.068       0.127       0.187       0.198       0.221

 T3M      ON
    T2M              0.495       0.518       0.529       0.590       0.651       0.662       0.685
    T2X              0.034       0.056       0.068       0.127       0.187       0.198       0.221

 T4M      ON
    T3M              0.495       0.518       0.529       0.590       0.651       0.662       0.685
    T3X              0.034       0.056       0.068       0.127       0.187       0.198       0.221

 T2Y      ON
    T1Y              0.470       0.491       0.502       0.560       0.618       0.629       0.650
    T1M              0.066       0.089       0.100       0.160       0.221       0.232       0.255
    T1X             -0.071      -0.048      -0.037       0.025       0.087       0.099       0.122

 T3Y      ON
    T2Y              0.470       0.491       0.502       0.560       0.618       0.629       0.650
    T2M              0.066       0.089       0.100       0.160       0.221       0.232       0.255
    T2X             -0.071      -0.048      -0.037       0.025       0.087       0.099       0.122

 T4Y      ON
    T3Y              0.470       0.491       0.502       0.560       0.618       0.629       0.650
    T3M              0.066       0.089       0.100       0.160       0.221       0.232       0.255
    T3X             -0.071      -0.048      -0.037       0.025       0.087       0.099       0.122

 T1X      WITH
    T1M              0.588       0.927       1.101       2.008       2.915       3.088       3.428
    T1Y              1.600       1.938       2.111       3.013       3.916       4.088       4.426

 T1M      WITH
    T1Y              0.111       0.404       0.553       1.333       2.114       2.263       2.555

 T2X      WITH
    T2M             -0.630      -0.453      -0.362       0.111       0.585       0.675       0.853
    T2Y              0.528       0.705       0.796       1.269       1.742       1.833       2.010

 T2M      WITH
    T2Y             -1.052      -0.880      -0.792      -0.333       0.127       0.215       0.387

 T3X      WITH
    T3M             -0.630      -0.453      -0.362       0.111       0.585       0.675       0.853
    T3Y              0.528       0.705       0.796       1.269       1.742       1.833       2.010

 T3M      WITH
    T3Y             -1.052      -0.880      -0.792      -0.333       0.127       0.215       0.387

 T4X      WITH
    T4M             -0.630      -0.453      -0.362       0.111       0.585       0.675       0.853
    T4Y              0.528       0.705       0.796       1.269       1.742       1.833       2.010

 T4M      WITH
    T4Y             -1.052      -0.880      -0.792      -0.333       0.127       0.215       0.387

 Intercepts
    OT1X            -0.705      -0.548      -0.468      -0.050       0.369       0.449       0.605
    OT2X            -0.788      -0.633      -0.553      -0.137       0.278       0.358       0.513
    OT3X            -1.011      -0.856      -0.776      -0.360       0.056       0.135       0.291
    OT4X            -0.556      -0.401      -0.322       0.092       0.505       0.584       0.739
    OT1M            -0.573      -0.427      -0.352       0.041       0.433       0.508       0.654
    OT2M            -0.738      -0.593      -0.519      -0.131       0.257       0.331       0.477
    OT3M            -0.603      -0.454      -0.378       0.019       0.416       0.492       0.640
    OT4M            -0.612      -0.469      -0.396      -0.013       0.370       0.443       0.587
    OT1Y            -0.647      -0.503      -0.429      -0.042       0.344       0.418       0.563
    OT2Y            -0.851      -0.708      -0.635      -0.255       0.126       0.199       0.341
    OT3Y            -0.797      -0.654      -0.581      -0.199       0.182       0.255       0.398
    OT4Y            -0.505      -0.360      -0.286       0.101       0.488       0.562       0.707

 Variances
    T1X              7.802       8.330       8.599      10.008      11.417      11.687      12.214
    T1M              7.804       8.230       8.448       9.586      10.724      10.941      11.367
    T1Y              8.085       8.497       8.708       9.808      10.909      11.119      11.531

 Residual Variances
    OT1X             2.924       2.924       2.924       2.924       2.924       2.924       2.924
    OT2X             2.753       2.753       2.753       2.753       2.753       2.753       2.753
    OT3X             2.776       2.776       2.776       2.776       2.776       2.776       2.776
    OT4X             2.640       2.640       2.640       2.640       2.640       2.640       2.640
    OT1M             1.776       1.776       1.776       1.776       1.776       1.776       1.776
    OT2M             1.536       1.536       1.536       1.536       1.536       1.536       1.536
    OT3M             2.061       2.061       2.061       2.061       2.061       2.061       2.061
    OT4M             1.253       1.253       1.253       1.253       1.253       1.253       1.253
    OT1Y             1.232       1.232       1.232       1.232       1.232       1.232       1.232
    OT2Y             0.896       0.896       0.896       0.896       0.896       0.896       0.896
    OT3Y             0.945       0.945       0.945       0.945       0.945       0.945       0.945
    OT4Y             1.263       1.263       1.263       1.263       1.263       1.263       1.263
    T2X              2.942       3.208       3.344       4.054       4.765       4.901       5.166
    T3X              2.942       3.208       3.344       4.054       4.765       4.901       5.166
    T4X              2.942       3.208       3.344       4.054       4.765       4.901       5.166
    T2M              4.689       4.951       5.085       5.785       6.484       6.618       6.880
    T3M              4.689       4.951       5.085       5.785       6.484       6.618       6.880
    T4M              4.689       4.951       5.085       5.785       6.484       6.618       6.880
    T2Y              5.117       5.361       5.486       6.138       6.790       6.914       7.158
    T3Y              5.117       5.361       5.486       6.138       6.790       6.914       7.158
    T4Y              5.117       5.361       5.486       6.138       6.790       6.914       7.158

New/Additional Parameters
    MED              0.001       0.006       0.008       0.020       0.033       0.035       0.040


CONFIDENCE INTERVALS OF STANDARDIZED MODEL RESULTS


STDYX Standardization

                  Lower .5%  Lower 2.5%    Lower 5%    Estimate    Upper 5%  Upper 2.5%   Upper .5%

 T1X      BY
    OT1X             0.858       0.863       0.866       0.880       0.894       0.896       0.902

 T2X      BY
    OT2X             0.865       0.870       0.872       0.886       0.899       0.902       0.907

 T3X      BY
    OT3X             0.864       0.869       0.871       0.885       0.898       0.901       0.906

 T4X      BY
    OT4X             0.869       0.874       0.876       0.890       0.903       0.905       0.910

 T1M      BY
    OT1M             0.905       0.908       0.910       0.919       0.927       0.929       0.932

 T2M      BY
    OT2M             0.916       0.919       0.921       0.928       0.936       0.937       0.940

 T3M      BY
    OT3M             0.892       0.896       0.898       0.907       0.917       0.919       0.922

 T4M      BY
    OT4M             0.930       0.933       0.934       0.940       0.947       0.948       0.951

 T1Y      BY
    OT1Y             0.933       0.936       0.937       0.943       0.948       0.950       0.952

 T2Y      BY
    OT2Y             0.950       0.952       0.953       0.957       0.962       0.963       0.964

 T3Y      BY
    OT3Y             0.948       0.949       0.950       0.955       0.960       0.961       0.962

 T4Y      BY
    OT4Y             0.932       0.934       0.935       0.941       0.947       0.948       0.951

 T2X      ON
    T1X              0.698       0.715       0.724       0.771       0.818       0.827       0.845

 T3X      ON
    T2X              0.698       0.715       0.724       0.771       0.818       0.827       0.845

 T4X      ON
    T3X              0.698       0.715       0.724       0.771       0.818       0.827       0.845

 T2M      ON
    T1M              0.495       0.518       0.529       0.590       0.651       0.662       0.685
    T1X              0.035       0.058       0.070       0.130       0.191       0.202       0.225

 T3M      ON
    T2M              0.495       0.518       0.529       0.590       0.651       0.662       0.685
    T2X              0.035       0.058       0.070       0.130       0.191       0.202       0.225

 T4M      ON
    T3M              0.495       0.518       0.529       0.590       0.651       0.662       0.685
    T3X              0.035       0.058       0.070       0.130       0.191       0.202       0.225

 T2Y      ON
    T1Y              0.470       0.491       0.502       0.560       0.618       0.629       0.650
    T1M              0.067       0.089       0.100       0.159       0.217       0.228       0.250
    T1X             -0.072      -0.049      -0.037       0.025       0.088       0.100       0.123

 T3Y      ON
    T2Y              0.470       0.491       0.502       0.560       0.618       0.629       0.650
    T2M              0.067       0.089       0.100       0.159       0.217       0.228       0.250
    T2X             -0.072      -0.049      -0.037       0.025       0.088       0.100       0.123

 T4Y      ON
    T3Y              0.470       0.491       0.502       0.560       0.618       0.629       0.650
    T3M              0.067       0.089       0.100       0.159       0.217       0.228       0.250
    T3X             -0.072      -0.049      -0.037       0.025       0.088       0.100       0.123

 T1X      WITH
    T1M              0.070       0.103       0.119       0.205       0.291       0.307       0.340
    T1Y              0.180       0.210       0.225       0.304       0.383       0.398       0.428

 T1M      WITH
    T1Y              0.017       0.046       0.061       0.138       0.214       0.229       0.258

 T2X      WITH
    T2M             -0.130      -0.093      -0.075       0.023       0.120       0.139       0.176
    T2Y              0.116       0.149       0.166       0.254       0.343       0.360       0.393

 T2M      WITH
    T2Y             -0.177      -0.148      -0.133      -0.056       0.021       0.036       0.065

 T3X      WITH
    T3M             -0.130      -0.093      -0.075       0.023       0.120       0.139       0.176
    T3Y              0.116       0.149       0.166       0.254       0.343       0.360       0.393

 T3M      WITH
    T3Y             -0.177      -0.148      -0.133      -0.056       0.021       0.036       0.065

 T4X      WITH
    T4M             -0.130      -0.093      -0.075       0.023       0.120       0.139       0.176
    T4Y              0.116       0.149       0.166       0.254       0.343       0.360       0.393

 T4M      WITH
    T4Y             -0.177      -0.148      -0.133      -0.056       0.021       0.036       0.065

 Intercepts
    OT1X            -0.196      -0.152      -0.130      -0.014       0.103       0.125       0.168
    OT2X            -0.221      -0.177      -0.155      -0.038       0.078       0.100       0.144
    OT3X            -0.283      -0.239      -0.217      -0.101       0.016       0.038       0.082
    OT4X            -0.156      -0.113      -0.091       0.026       0.142       0.164       0.208
    OT1M            -0.170      -0.127      -0.104       0.012       0.128       0.151       0.194
    OT2M            -0.221      -0.178      -0.156      -0.039       0.077       0.099       0.143
    OT3M            -0.177      -0.133      -0.111       0.005       0.122       0.144       0.188
    OT4M            -0.186      -0.143      -0.120      -0.004       0.112       0.135       0.178
    OT1Y            -0.195      -0.151      -0.129      -0.013       0.104       0.126       0.169
    OT2Y            -0.260      -0.217      -0.194      -0.078       0.039       0.061       0.104
    OT3Y            -0.243      -0.199      -0.177      -0.061       0.056       0.078       0.121
    OT4Y            -0.152      -0.108      -0.086       0.030       0.147       0.169       0.213

 Variances
    T1X              1.000       1.000       1.000       1.000       1.000       1.000       1.000
    T1M              1.000       1.000       1.000       1.000       1.000       1.000       1.000
    T1Y              1.000       1.000       1.000       1.000       1.000       1.000       1.000

 Residual Variances
    OT1X             0.188       0.197       0.201       0.226       0.251       0.255       0.265
    OT2X             0.178       0.187       0.192       0.216       0.240       0.244       0.253
    OT3X             0.180       0.189       0.193       0.217       0.241       0.246       0.255
    OT4X             0.172       0.181       0.185       0.209       0.232       0.236       0.245
    OT1M             0.132       0.138       0.141       0.156       0.172       0.175       0.181
    OT2M             0.116       0.121       0.124       0.138       0.152       0.155       0.160
    OT3M             0.150       0.156       0.160       0.177       0.194       0.198       0.204
    OT4M             0.097       0.101       0.103       0.116       0.128       0.130       0.135
    OT1Y             0.094       0.098       0.100       0.112       0.123       0.125       0.129
    OT2Y             0.070       0.073       0.075       0.084       0.092       0.094       0.097
    OT3Y             0.074       0.077       0.079       0.088       0.097       0.099       0.102
    OT4Y             0.096       0.101       0.103       0.114       0.125       0.128       0.132
    T2X              0.291       0.319       0.333       0.405       0.478       0.492       0.519
    T3X              0.291       0.319       0.333       0.405       0.478       0.492       0.519
    T4X              0.291       0.319       0.333       0.405       0.478       0.492       0.519
    T2M              0.492       0.519       0.532       0.603       0.675       0.688       0.715
    T3M              0.492       0.519       0.532       0.603       0.675       0.688       0.715
    T4M              0.492       0.519       0.532       0.603       0.675       0.688       0.715
    T2Y              0.526       0.550       0.562       0.626       0.690       0.702       0.726
    T3Y              0.526       0.550       0.562       0.626       0.690       0.702       0.726
    T4Y              0.526       0.550       0.562       0.626       0.690       0.702       0.726


RESIDUAL OUTPUT


     ESTIMATED MODEL AND RESIDUALS (OBSERVED - ESTIMATED)


           Model Estimated Means
              OT1X          OT2X          OT3X          OT4X          OT1M
              ________      ________      ________      ________      ________
               -0.050        -0.137        -0.360         0.092         0.041


           Model Estimated Means
              OT2M          OT3M          OT4M          OT1Y          OT2Y
              ________      ________      ________      ________      ________
               -0.131         0.019        -0.013        -0.042        -0.255


           Model Estimated Means
              OT3Y          OT4Y
              ________      ________
               -0.199         0.101


           Residuals for Means
              OT1X          OT2X          OT3X          OT4X          OT1M
              ________      ________      ________      ________      ________
                0.000         0.000         0.000         0.000         0.000


           Residuals for Means
              OT2M          OT3M          OT4M          OT1Y          OT2Y
              ________      ________      ________      ________      ________
                0.000         0.000         0.000         0.000         0.000


           Residuals for Means
              OT3Y          OT4Y
              ________      ________
                0.000         0.000


           Standardized Residuals (z-scores) for Means
              OT1X          OT2X          OT3X          OT4X          OT1M
              ________      ________      ________      ________      ________
                0.000         0.000         0.000         0.000         0.000


           Standardized Residuals (z-scores) for Means
              OT2M          OT3M          OT4M          OT1Y          OT2Y
              ________      ________      ________      ________      ________
                0.000         0.000         0.000         0.000         0.000


           Standardized Residuals (z-scores) for Means
              OT3Y          OT4Y
              ________      ________
                0.000         0.000


           Normalized Residuals for Means
              OT1X          OT2X          OT3X          OT4X          OT1M
              ________      ________      ________      ________      ________
                0.000         0.000         0.000         0.000         0.000


           Normalized Residuals for Means
              OT2M          OT3M          OT4M          OT1Y          OT2Y
              ________      ________      ________      ________      ________
                0.000         0.000         0.000         0.000         0.000


           Normalized Residuals for Means
              OT3Y          OT4Y
              ________      ________
                0.000         0.000


           Model Estimated Covariances
              OT1X          OT2X          OT3X          OT4X          OT1M
              ________      ________      ________      ________      ________
 OT1X          12.932
 OT2X           7.719        12.761
 OT3X           5.954         7.719        12.784
 OT4X           4.592         5.954         7.719        12.648
 OT1M           2.008         1.549         1.194         0.921        11.362
 OT2M           2.459         2.008         1.549         1.194         5.911
 OT3M           2.434         2.459         2.008         1.549         3.685
 OT4M           2.194         2.434         2.459         2.008         2.326
 OT1Y           3.013         2.324         1.792         1.383         1.333
 OT2Y           2.261         3.013         2.324         1.792         2.335
 OT3Y           1.855         2.261         3.013         2.324         2.295
 OT4Y           1.579         1.855         2.261         3.013         1.907


           Model Estimated Covariances
              OT2M          OT3M          OT4M          OT1Y          OT2Y
              ________      ________      ________      ________      ________
 OT2M          11.122
 OT3M           5.911        11.647
 OT4M           3.685         5.911        10.839
 OT1Y           1.170         0.986         0.810        11.040
 OT2Y           1.333         1.170         0.986         5.783        10.704
 OT3Y           2.335         1.333         1.170         3.485         5.783
 OT4Y           2.295         2.335         1.333         2.155         3.485


           Model Estimated Covariances
              OT3Y          OT4Y
              ________      ________
 OT3Y          10.753
 OT4Y           5.783        11.071


           Model Estimated Correlations
              OT1X          OT2X          OT3X          OT4X          OT1M
              ________      ________      ________      ________      ________
 OT1X           1.000
 OT2X           0.601         1.000
 OT3X           0.463         0.604         1.000
 OT4X           0.359         0.469         0.607         1.000
 OT1M           0.166         0.129         0.099         0.077         1.000
 OT2M           0.205         0.169         0.130         0.101         0.526
 OT3M           0.198         0.202         0.165         0.128         0.320
 OT4M           0.185         0.207         0.209         0.171         0.210
 OT1Y           0.252         0.196         0.151         0.117         0.119
 OT2Y           0.192         0.258         0.199         0.154         0.212
 OT3Y           0.157         0.193         0.257         0.199         0.208
 OT4Y           0.132         0.156         0.190         0.255         0.170


           Model Estimated Correlations
              OT2M          OT3M          OT4M          OT1Y          OT2Y
              ________      ________      ________      ________      ________
 OT2M           1.000
 OT3M           0.519         1.000
 OT4M           0.336         0.526         1.000
 OT1Y           0.106         0.087         0.074         1.000
 OT2Y           0.122         0.105         0.092         0.532         1.000
 OT3Y           0.214         0.119         0.108         0.320         0.539
 OT4Y           0.207         0.206         0.122         0.195         0.320


           Model Estimated Correlations
              OT3Y          OT4Y
              ________      ________
 OT3Y           1.000
 OT4Y           0.530         1.000


           Residuals for Covariances
              OT1X          OT2X          OT3X          OT4X          OT1M
              ________      ________      ________      ________      ________
 OT1X          -1.236
 OT2X          -0.629         0.799
 OT3X          -0.004         0.373        -0.169
 OT4X           0.144         0.067         0.420         0.682
 OT1M          -0.040        -0.238        -0.327        -0.018         0.243
 OT2M           0.749         0.254         0.584         0.708        -0.011
 OT3M           0.330        -0.803         0.271         0.123        -0.501
 OT4M           1.126        -0.526        -0.188        -0.331        -0.122
 OT1Y           0.364         0.302         0.048        -0.601        -0.024
 OT2Y          -0.254        -0.109         0.219        -0.577         1.213
 OT3Y          -0.172        -0.104        -0.312        -0.666        -0.588
 OT4Y           0.943        -0.103         0.175         0.018        -0.235


           Residuals for Covariances
              OT2M          OT3M          OT4M          OT1Y          OT2Y
              ________      ________      ________      ________      ________
 OT2M          -1.272
 OT3M          -1.353        -0.911
 OT4M          -0.300         0.424         1.323
 OT1Y          -0.541         0.316         0.325        -1.418
 OT2Y          -0.100         1.113         0.451        -0.732         0.091
 OT3Y          -1.489         0.080        -0.222        -0.343         0.675
 OT4Y          -1.226         0.797         0.293        -0.081         0.738


           Residuals for Covariances
              OT3Y          OT4Y
              ________      ________
 OT3Y           0.240
 OT4Y           0.120         1.069


           Residuals for Correlations
              OT1X          OT2X          OT3X          OT4X          OT1M
              ________      ________      ________      ________      ________
 OT1X           0.000
 OT2X          -0.038         0.000
 OT3X           0.027         0.014         0.000
 OT4X           0.020        -0.021         0.021         0.000
 OT1M           0.003        -0.024        -0.027        -0.004         0.000
 OT2M           0.094         0.027         0.061         0.065         0.026
 OT3M           0.048        -0.064         0.031         0.012        -0.035
 OT4M           0.093        -0.058        -0.026        -0.040        -0.024
 OT1Y           0.066         0.034         0.016        -0.048         0.005
 OT2Y          -0.014        -0.018         0.019        -0.053         0.105
 OT3Y          -0.009        -0.016        -0.028        -0.062        -0.056
 OT4Y           0.080        -0.020         0.007        -0.016        -0.029


           Residuals for Correlations
              OT2M          OT3M          OT4M          OT1Y          OT2Y
              ________      ________      ________      ________      ________
 OT2M           0.000
 OT3M          -0.076         0.000
 OT4M          -0.026         0.028         0.000
 OT1Y          -0.041         0.041         0.031         0.000
 OT2Y          -0.003         0.107         0.034        -0.036         0.000
 OT3Y          -0.132         0.011        -0.026        -0.014         0.054
 OT4Y          -0.109         0.069         0.012        -0.003         0.049


           Residuals for Correlations
              OT3Y          OT4Y
              ________      ________
 OT3Y           0.000
 OT4Y          -0.019         0.000


           Standardized Residuals (z-scores) for Covariances
              OT1X          OT2X          OT3X          OT4X          OT1M
              ________      ________      ________      ________      ________
 OT1X          -1.552
 OT2X          -1.038         0.760
 OT3X          -0.008         0.524        -0.182
 OT4X           0.261         0.101         0.597         0.668
 OT1M          -0.064        -0.307        -0.419        -0.022         0.261
 OT2M           1.428         0.408         0.872         0.959        -0.020
 OT3M           0.612        -1.286         0.430         0.169        -0.867
 OT4M           1.720        -0.770        -0.283        -0.458        -0.172
 OT1Y           0.645         0.435         0.069        -0.819        -0.041
 OT2Y          -0.454        -0.158         0.307        -0.757         1.867
 OT3Y          -0.310        -0.159        -0.477        -0.905        -0.921
 OT4Y           1.427        -0.147         0.259         0.024        -0.320


           Standardized Residuals (z-scores) for Covariances
              OT2M          OT3M          OT4M          OT1Y          OT2Y
              ________      ________      ________      ________      ________
 OT2M          -1.815
 OT3M          -3.006        -1.110
 OT4M          -0.534         0.651         1.323
 OT1Y          -0.906         0.473         0.444        -2.050
 OT2Y          -0.179         1.596         0.588        -1.430         0.107
 OT3Y          -2.824         0.131        -0.298        -0.633         1.046
 OT4Y          -2.049         1.210         0.404        -0.125         1.088


           Standardized Residuals (z-scores) for Covariances
              OT3Y          OT4Y
              ________      ________
 OT3Y           0.275
 OT4Y           0.177         1.055


           Normalized Residuals for Covariances
              OT1X          OT2X          OT3X          OT4X          OT1M
              ________      ________      ________      ________      ________
 OT1X          -1.057
 OT2X          -0.615         0.590
 OT3X          -0.004         0.343        -0.134
 OT4X           0.153         0.065         0.388         0.512
 OT1M          -0.048        -0.267        -0.381        -0.021         0.210
 OT2M           0.946         0.305         0.728         0.862        -0.013
 OT3M           0.404        -0.932         0.324         0.144        -0.611
 OT4M           1.287        -0.574        -0.211        -0.364        -0.143
 OT1Y           0.462         0.364         0.060        -0.749        -0.032
 OT2Y          -0.315        -0.124         0.259        -0.677         1.461
 OT3Y          -0.212        -0.119        -0.366        -0.771        -0.728
 OT4Y           1.094        -0.113         0.196         0.020        -0.277


           Normalized Residuals for Covariances
              OT2M          OT3M          OT4M          OT1Y          OT2Y
              ________      ________      ________      ________      ________
 OT2M          -1.292
 OT3M          -1.701        -0.849
 OT4M          -0.371         0.459         1.088
 OT1Y          -0.784         0.436         0.422        -1.473
 OT2Y          -0.137         1.430         0.553        -0.910         0.084
 OT3Y          -2.017         0.103        -0.271        -0.452         0.754
 OT4Y          -1.579         0.952         0.338        -0.105         0.856


           Normalized Residuals for Covariances
              OT3Y          OT4Y
              ________      ________
 OT3Y           0.218
 OT4Y           0.131         0.880


DIAGRAM INFORMATION

  Use View Diagram under the Diagram menu in the Mplus Editor to view the diagram.
  If running Mplus from the Mplus Diagrammer, the diagram opens automatically.

  Diagram output
    c:\users\yyang3\dropbox\empirical example for amm paper\lvc-amm.dgm

     Beginning Time:  11:03:22
        Ending Time:  11:03:22
       Elapsed Time:  00:00:00



MUTHEN & MUTHEN
3463 Stoner Ave.
Los Angeles, CA  90066

Tel: (310) 391-9971
Fax: (310) 391-8971
Web: www.StatModel.com
Support: Support@StatModel.com

Copyright (c) 1998-2018 Muthen & Muthen
