Mplus VERSION 8.2
MUTHEN & MUTHEN
12/03/2018  11:04 AM

INPUT INSTRUCTIONS

      DATA:   FILE=example data.dat;
      define:
      t1x=   t1x1+ t1x2+ t1x3;
      t2x=   t2x1+ t2x2+ t2x3;
      t3x=   t3x1+ t3x2+ t3x3;
      t4x=   t4x1+ t4x2+ t4x3;
      t1m=   t1m1+ t1m2+ t1m3;
      t2m=   t2m1+ t2m2+ t2m3;
      t3m=   t3m1+ t3m2+ t3m3;
      t4m=   t4m1+ t4m2+ t4m3;
      t1y=   t1y1+ t1y2+ t1y3;
      t2y=   t2y1+ t2y2+ t2y3;
      t3y=   t3y1+ t3y2+ t3y3;
      t4y=   t4y1+ t4y2+ t4y3;
      VARIABLE:
          names =
             t1x1 t1x2 t1x3
      	   t2x1 t2x2 t2x3
      	   t3x1 t3x2 t3x3
      	   t4x1 t4x2 t4x3
      	   t1m1 t1m2 t1m3
      	   t2m1 t2m2 t2m3
      	   t3m1 t3m2 t3m3
      	   t4m1 t4m2 t4m3
      	   t1y1 t1y2 t1y3
      	   t2y1 t2y2 t2y3
             t3y1 t3y2 t3y3
      	   t4y1 t4y2 t4y3;

     USEVARIABLES = t1x t1m t1y t2x t2m t2y t3x t3m t3y t4x t4m t4y;
      analysis:
          estimator=ml;

      MODEL:

          t2x on t1x(X0);
          t3x on t2x(X0);
          t4x on t3x(X0);
          t2m on t1m(M0);
          t3m on t2m(M0);
          t4m on t3m(M0);
          t2y on t1y(Y0);
          t3y on t2y(Y0);
          t4y on t3y(Y0);

          t2m on t1x(a);
          t3m on t2x(a);
          t4m on t3x(a);
          t2y on t1m(b);
          t3y on t2m(b);
          t4y on t3m(b);
          t2y on t1x(c);
          t3y on t2x(c);
          t4y on t3x(c);

         t1x(vt1x);t1m(vt1m);t1y(vt1y);
         t1x with t1m(rt1xm);
         t1x with t1y(rt1xy);
         t1m with t1y(rt1my);

         t2x(evtx);t2m(evtm);t2y(evty);
         t2x with t2m(ertxm);
         t2x with t2y(ertxy);
         t2m with t2y(ertmy);

         t3x(evtx);t3m(evtm);t3y(evty);
         t3x with t3m(ertxm);
         t3x with t3y(ertxy);
         t3m with t3y(ertmy);

         t4x(evtx);t4m(evtm);t4y(evty);
         t4x with t4m(ertxm);
         t4x with t4y(ertxy);
         t4m with t4y(ertmy);

     MODEL CONSTRAINT:
        NEW(med);
        med=a*b;

      evtx=vt1x*(1-X0*X0);
      evtm=vt1m-(a*a*vt1x+M0*M0*vt1m+2*a*M0*rt1xm);
      evty=vt1y-(b*b*vt1m+Y0*Y0*vt1y+c*c*vt1x+2*b*Y0*rt1my+2*c*Y0*rt1xy+2*b*c*rt1xm);

     ertxm=rt1xm-(X0*a*vt1x+X0*M0*rt1xm);
     ertxy=rt1xy-(X0*b*rt1xm+X0*Y0*rt1xy+X0*c*vt1x);
     ertmy=rt1my-(a*b*rt1xm+a*Y0*rt1xy+a*c*vt1x+M0*b*vt1m
            +M0*Y0*rt1my+M0*c*rt1xm);

  OUTPUT: stdyx sampstat residual cinterval;




INPUT READING TERMINATED NORMALLY




SUMMARY OF ANALYSIS

Number of groups                                                 1
Number of observations                                         200

Number of dependent variables                                    9
Number of independent variables                                  3
Number of continuous latent variables                            0

Observed dependent variables

  Continuous
   T2X         T2M         T2Y         T3X         T3M         T3Y
   T4X         T4M         T4Y

Observed independent variables
   T1X         T1M         T1Y


Estimator                                                       ML
Information matrix                                        OBSERVED
Maximum number of iterations                                  1000
Convergence criterion                                    0.500D-04
Maximum number of steepest descent iterations                   20

Input data file(s)
  example data.dat

Input data format  FREE


SAMPLE STATISTICS


     SAMPLE STATISTICS


           Means
              T2X           T2M           T2Y           T3X           T3M
              ________      ________      ________      ________      ________
               -0.137        -0.131        -0.255        -0.360         0.019


           Means
              T3Y           T4X           T4M           T4Y           T1X
              ________      ________      ________      ________      ________
               -0.199         0.092        -0.013         0.101        -0.050


           Means
              T1M           T1Y
              ________      ________
                0.041        -0.042


           Covariances
              T2X           T2M           T2Y           T3X           T3M
              ________      ________      ________      ________      ________
 T2X           13.561
 T2M            2.262         9.849
 T2Y            2.904         1.233        10.795
 T3X            8.092         2.133         2.543        12.616
 T3M            1.656         4.559         2.283         2.279        10.735
 T3Y            2.157         0.847         6.458         2.701         1.413
 T4X            6.021         1.903         1.216         8.139         1.672
 T4M            1.907         3.385         1.438         2.271         6.335
 T4Y            1.752         1.069         4.224         2.436         3.133
 T1X            7.091         3.209         2.007         5.950         2.764
 T1M            1.311         5.900         3.548         0.868         3.184
 T1Y            2.626         0.629         5.051         1.840         1.303


           Covariances
              T3Y           T4X           T4M           T4Y           T1X
              ________      ________      ________      ________      ________
 T3Y           10.993
 T4X            1.658        13.331
 T4M            0.948         1.677        12.161
 T4Y            5.903         3.031         1.626        12.140
 T1X            1.683         4.737         3.320         2.522        11.696
 T1M            1.708         0.903         2.204         1.672         1.968
 T1Y            3.142         0.782         1.135         2.074         3.377


           Covariances
              T1M           T1Y
              ________      ________
 T1M           11.605
 T1Y            1.310         9.623


           Correlations
              T2X           T2M           T2Y           T3X           T3M
              ________      ________      ________      ________      ________
 T2X            1.000
 T2M            0.196         1.000
 T2Y            0.240         0.120         1.000
 T3X            0.619         0.191         0.218         1.000
 T3M            0.137         0.443         0.212         0.196         1.000
 T3Y            0.177         0.081         0.593         0.229         0.130
 T4X            0.448         0.166         0.101         0.628         0.140
 T4M            0.149         0.309         0.125         0.183         0.554
 T4Y            0.137         0.098         0.369         0.197         0.274
 T1X            0.563         0.299         0.179         0.490         0.247
 T1M            0.105         0.552         0.317         0.072         0.285
 T1Y            0.230         0.065         0.496         0.167         0.128


           Correlations
              T3Y           T4X           T4M           T4Y           T1X
              ________      ________      ________      ________      ________
 T3Y            1.000
 T4X            0.137         1.000
 T4M            0.082         0.132         1.000
 T4Y            0.511         0.238         0.134         1.000
 T1X            0.148         0.379         0.278         0.212         1.000
 T1M            0.151         0.073         0.186         0.141         0.169
 T1Y            0.305         0.069         0.105         0.192         0.318


           Correlations
              T1M           T1Y
              ________      ________
 T1M            1.000
 T1Y            0.124         1.000


UNIVARIATE SAMPLE STATISTICS


     UNIVARIATE HIGHER-ORDER MOMENT DESCRIPTIVE STATISTICS

         Variable/         Mean/     Skewness/   Minimum/ % with                Percentiles
        Sample Size      Variance    Kurtosis    Maximum  Min/Max      20%/60%    40%/80%    Median

     T2X                  -0.137       0.373      -8.876    0.50%      -3.332     -1.255     -0.185
             200.000      13.561       0.009      11.437    0.50%       0.571      2.824
     T2M                  -0.131       0.042      -8.781    0.50%      -2.561     -1.098     -0.253
             200.000       9.849      -0.068       9.308    0.50%       0.365      2.558
     T2Y                  -0.255       0.039      -7.692    0.50%      -3.379     -1.203     -0.124
             200.000      10.795      -0.461       9.592    0.50%       0.649      2.507
     T3X                  -0.360      -0.156     -10.574    0.50%      -3.787     -1.102      0.105
             200.000      12.616      -0.239       9.374    0.50%       0.947      2.477
     T3M                   0.019      -0.070      -9.503    0.50%      -2.524     -0.606     -0.043
             200.000      10.735       0.514      10.425    0.50%       0.785      2.760
     T3Y                  -0.199       0.122      -7.491    0.50%      -3.388     -0.996      0.065
             200.000      10.993      -0.268       8.708    0.50%       0.600      2.459
     T4X                   0.092      -0.173      -9.978    0.50%      -2.774     -0.752      0.088
             200.000      13.331      -0.017       8.784    0.50%       1.155      3.154
     T4M                  -0.013       0.191      -8.308    0.50%      -3.112     -1.258      0.084
             200.000      12.161       0.482      14.277    0.50%       1.227      2.951
     T4Y                   0.101      -0.138     -11.006    0.50%      -2.922     -0.704      0.327
             200.000      12.140      -0.311       7.813    0.50%       1.315      2.947
     T1X                  -0.050       0.125     -10.864    0.50%      -2.449     -0.980     -0.204
             200.000      11.696       0.404      11.443    0.50%       0.632      2.678
     T1M                   0.041       0.102      -9.506    0.50%      -3.122     -0.898     -0.015
             200.000      11.605      -0.142       9.175    0.50%       0.882      2.921
     T1Y                  -0.042      -0.140      -7.750    0.50%      -2.783     -0.790      0.034
             200.000       9.623      -0.392       6.919    0.50%       0.823      2.725


THE MODEL ESTIMATION TERMINATED NORMALLY



MODEL FIT INFORMATION

Number of Free Parameters                       24

Loglikelihood

          H0 Value                       -5976.426
          H1 Value                       -5939.284

Information Criteria

          Akaike (AIC)                   12000.852
          Bayesian (BIC)                 12080.011
          Sample-Size Adjusted BIC       12003.977
            (n* = (n + 2) / 24)

Chi-Square Test of Model Fit

          Value                             74.283
          Degrees of Freedom                    66
          P-Value                           0.2265

RMSEA (Root Mean Square Error Of Approximation)

          Estimate                           0.025
          90 Percent C.I.                    0.000  0.050
          Probability RMSEA <= .05           0.946

CFI/TLI

          CFI                                0.988
          TLI                                0.989

Chi-Square Test of Model Fit for the Baseline Model

          Value                            771.843
          Degrees of Freedom                    63
          P-Value                           0.0000

SRMR (Standardized Root Mean Square Residual)

          Value                              0.061



MODEL RESULTS

                                                    Two-Tailed
                    Estimate       S.E.  Est./S.E.    P-Value

 T2X      ON
    T1X                0.602      0.029     21.077      0.000

 T3X      ON
    T2X                0.602      0.029     21.077      0.000

 T4X      ON
    T3X                0.602      0.029     21.077      0.000

 T2M      ON
    T1M                0.504      0.033     15.265      0.000
    T1X                0.107      0.031      3.422      0.001

 T3M      ON
    T2M                0.504      0.033     15.265      0.000
    T2X                0.107      0.031      3.422      0.001

 T4M      ON
    T3M                0.504      0.033     15.265      0.000
    T3X                0.107      0.031      3.422      0.001

 T2Y      ON
    T1Y                0.497      0.032     15.454      0.000
    T1M                0.150      0.032      4.682      0.000
    T1X                0.040      0.030      1.302      0.193

 T3Y      ON
    T2Y                0.497      0.032     15.454      0.000
    T2M                0.150      0.032      4.682      0.000
    T2X                0.040      0.030      1.302      0.193

 T4Y      ON
    T3Y                0.497      0.032     15.454      0.000
    T3M                0.150      0.032      4.682      0.000
    T3X                0.040      0.030      1.302      0.193

 T1X      WITH
    T1M                1.847      0.508      3.634      0.000
    T1Y                2.683      0.502      5.350      0.000

 T1M      WITH
    T1Y                1.188      0.443      2.681      0.007

 T2X      WITH
    T2M                0.466      0.293      1.594      0.111
    T2Y                1.410      0.289      4.872      0.000

 T2M      WITH
    T2Y               -0.213      0.280     -0.760      0.447

 T3X      WITH
    T3M                0.466      0.293      1.594      0.111
    T3Y                1.410      0.289      4.872      0.000

 T3M      WITH
    T3Y               -0.213      0.280     -0.760      0.447

 T4X      WITH
    T4M                0.466      0.293      1.594      0.111
    T4Y                1.410      0.289      4.872      0.000

 T4M      WITH
    T4Y               -0.213      0.280     -0.760      0.447

 Means
    T1X               -0.050      0.253     -0.196      0.844
    T1M                0.041      0.236      0.172      0.864
    T1Y               -0.042      0.232     -0.182      0.855

 Intercepts
    T2X               -0.108      0.202     -0.533      0.594
    T2M               -0.146      0.199     -0.731      0.465
    T2Y               -0.238      0.194     -1.225      0.220
    T3X               -0.278      0.202     -1.374      0.169
    T3M                0.099      0.200      0.498      0.619
    T3Y               -0.048      0.194     -0.246      0.806
    T4X                0.308      0.202      1.524      0.127
    T4M                0.016      0.200      0.081      0.936
    T4Y                0.212      0.194      1.091      0.275

 Variances
    T1X               12.778      0.822     15.537      0.000
    T1M               11.129      0.672     16.552      0.000
    T1Y               10.763      0.642     16.761      0.000

 Residual Variances
    T2X                8.154      0.422     19.332      0.000
    T2M                7.957      0.410     19.392      0.000
    T2Y                7.528      0.390     19.302      0.000
    T3X                8.154      0.422     19.332      0.000
    T3M                7.957      0.410     19.392      0.000
    T3Y                7.528      0.390     19.302      0.000
    T4X                8.154      0.422     19.332      0.000
    T4M                7.957      0.410     19.392      0.000
    T4Y                7.528      0.390     19.302      0.000

New/Additional Parameters
    MED                0.016      0.006      2.759      0.006


STANDARDIZED MODEL RESULTS


STDYX Standardization

                                                    Two-Tailed
                    Estimate       S.E.  Est./S.E.    P-Value

 T2X      ON
    T1X                0.602      0.029     21.077      0.000

 T3X      ON
    T2X                0.602      0.029     21.077      0.000

 T4X      ON
    T3X                0.602      0.029     21.077      0.000

 T2M      ON
    T1M                0.504      0.033     15.265      0.000
    T1X                0.114      0.033      3.427      0.001

 T3M      ON
    T2M                0.504      0.033     15.265      0.000
    T2X                0.114      0.033      3.427      0.001

 T4M      ON
    T3M                0.504      0.033     15.265      0.000
    T3X                0.114      0.033      3.427      0.001

 T2Y      ON
    T1Y                0.497      0.032     15.454      0.000
    T1M                0.152      0.032      4.749      0.000
    T1X                0.043      0.033      1.298      0.194

 T3Y      ON
    T2Y                0.497      0.032     15.454      0.000
    T2M                0.152      0.032      4.749      0.000
    T2X                0.043      0.033      1.298      0.194

 T4Y      ON
    T3Y                0.497      0.032     15.454      0.000
    T3M                0.152      0.032      4.749      0.000
    T3X                0.043      0.033      1.298      0.194

 T1X      WITH
    T1M                0.155      0.040      3.825      0.000
    T1Y                0.229      0.039      5.871      0.000

 T1M      WITH
    T1Y                0.109      0.039      2.769      0.006

 T2X      WITH
    T2M                0.058      0.036      1.604      0.109
    T2Y                0.180      0.035      5.133      0.000

 T2M      WITH
    T2Y               -0.027      0.036     -0.760      0.447

 T3X      WITH
    T3M                0.058      0.036      1.604      0.109
    T3Y                0.180      0.035      5.133      0.000

 T3M      WITH
    T3Y               -0.027      0.036     -0.760      0.447

 T4X      WITH
    T4M                0.058      0.036      1.604      0.109
    T4Y                0.180      0.035      5.133      0.000

 T4M      WITH
    T4Y               -0.027      0.036     -0.760      0.447

 Means
    T1X               -0.014      0.071     -0.196      0.844
    T1M                0.012      0.071      0.172      0.864
    T1Y               -0.013      0.071     -0.182      0.855

 Intercepts
    T2X               -0.030      0.057     -0.533      0.594
    T2M               -0.044      0.060     -0.731      0.465
    T2Y               -0.072      0.059     -1.224      0.221
    T3X               -0.078      0.057     -1.372      0.170
    T3M                0.030      0.060      0.498      0.619
    T3Y               -0.015      0.059     -0.246      0.806
    T4X                0.086      0.057      1.525      0.127
    T4M                0.005      0.060      0.081      0.936
    T4Y                0.065      0.059      1.091      0.275

 Variances
    T1X                1.000      0.000    999.000    999.000
    T1M                1.000      0.000    999.000    999.000
    T1Y                1.000      0.000    999.000    999.000

 Residual Variances
    T2X                0.638      0.034     18.584      0.000
    T2M                0.715      0.034     21.092      0.000
    T2Y                0.699      0.033     21.075      0.000
    T3X                0.638      0.034     18.584      0.000
    T3M                0.715      0.034     21.092      0.000
    T3Y                0.699      0.033     21.075      0.000
    T4X                0.638      0.034     18.584      0.000
    T4M                0.715      0.034     21.092      0.000
    T4Y                0.699      0.033     21.075      0.000


R-SQUARE

    Observed                                        Two-Tailed
    Variable        Estimate       S.E.  Est./S.E.    P-Value

    T2X                0.362      0.034     10.538      0.000
    T2M                0.285      0.034      8.408      0.000
    T2Y                0.301      0.033      9.058      0.000
    T3X                0.362      0.034     10.538      0.000
    T3M                0.285      0.034      8.408      0.000
    T3Y                0.301      0.033      9.058      0.000
    T4X                0.362      0.034     10.538      0.000
    T4M                0.285      0.034      8.408      0.000
    T4Y                0.301      0.033      9.058      0.000


QUALITY OF NUMERICAL RESULTS

     Condition Number for the Information Matrix              0.371E-03
       (ratio of smallest to largest eigenvalue)


CONFIDENCE INTERVALS OF MODEL RESULTS

                  Lower .5%  Lower 2.5%    Lower 5%    Estimate    Upper 5%  Upper 2.5%   Upper .5%

 T2X      ON
    T1X              0.528       0.546       0.555       0.602       0.648       0.657       0.675

 T3X      ON
    T2X              0.528       0.546       0.555       0.602       0.648       0.657       0.675

 T4X      ON
    T3X              0.528       0.546       0.555       0.602       0.648       0.657       0.675

 T2M      ON
    T1M              0.419       0.439       0.450       0.504       0.558       0.569       0.589
    T1X              0.026       0.046       0.055       0.107       0.158       0.168       0.187

 T3M      ON
    T2M              0.419       0.439       0.450       0.504       0.558       0.569       0.589
    T2X              0.026       0.046       0.055       0.107       0.158       0.168       0.187

 T4M      ON
    T3M              0.419       0.439       0.450       0.504       0.558       0.569       0.589
    T3X              0.026       0.046       0.055       0.107       0.158       0.168       0.187

 T2Y      ON
    T1Y              0.414       0.434       0.444       0.497       0.550       0.560       0.580
    T1M              0.067       0.087       0.097       0.150       0.202       0.212       0.232
    T1X             -0.039      -0.020      -0.010       0.040       0.089       0.099       0.118

 T3Y      ON
    T2Y              0.414       0.434       0.444       0.497       0.550       0.560       0.580
    T2M              0.067       0.087       0.097       0.150       0.202       0.212       0.232
    T2X             -0.039      -0.020      -0.010       0.040       0.089       0.099       0.118

 T4Y      ON
    T3Y              0.414       0.434       0.444       0.497       0.550       0.560       0.580
    T3M              0.067       0.087       0.097       0.150       0.202       0.212       0.232
    T3X             -0.039      -0.020      -0.010       0.040       0.089       0.099       0.118

 T1X      WITH
    T1M              0.538       0.851       1.011       1.847       2.683       2.843       3.156
    T1Y              1.391       1.700       1.858       2.683       3.508       3.666       3.975

 T1M      WITH
    T1Y              0.047       0.320       0.459       1.188       1.916       2.056       2.329

 T2X      WITH
    T2M             -0.287      -0.107      -0.015       0.466       0.948       1.040       1.220
    T2Y              0.665       0.843       0.934       1.410       1.886       1.978       2.156

 T2M      WITH
    T2Y             -0.933      -0.761      -0.673      -0.213       0.247       0.336       0.508

 T3X      WITH
    T3M             -0.287      -0.107      -0.015       0.466       0.948       1.040       1.220
    T3Y              0.665       0.843       0.934       1.410       1.886       1.978       2.156

 T3M      WITH
    T3Y             -0.933      -0.761      -0.673      -0.213       0.247       0.336       0.508

 T4X      WITH
    T4M             -0.287      -0.107      -0.015       0.466       0.948       1.040       1.220
    T4Y              0.665       0.843       0.934       1.410       1.886       1.978       2.156

 T4M      WITH
    T4Y             -0.933      -0.761      -0.673      -0.213       0.247       0.336       0.508

 Means
    T1X             -0.701      -0.545      -0.465      -0.050       0.366       0.446       0.601
    T1M             -0.567      -0.422      -0.348       0.041       0.429       0.503       0.648
    T1Y             -0.640      -0.497      -0.424      -0.042       0.339       0.412       0.555

 Intercepts
    T2X             -0.628      -0.503      -0.440      -0.108       0.225       0.288       0.413
    T2M             -0.660      -0.537      -0.474      -0.146       0.182       0.245       0.368
    T2Y             -0.737      -0.618      -0.557      -0.238       0.081       0.143       0.262
    T3X             -0.798      -0.673      -0.610      -0.278       0.055       0.118       0.243
    T3M             -0.415      -0.292      -0.229       0.099       0.428       0.490       0.613
    T3Y             -0.548      -0.428      -0.367      -0.048       0.272       0.333       0.452
    T4X             -0.213      -0.088      -0.024       0.308       0.641       0.704       0.829
    T4M             -0.498      -0.375      -0.313       0.016       0.345       0.408       0.531
    T4Y             -0.289      -0.169      -0.108       0.212       0.532       0.593       0.713

 Variances
    T1X             10.659      11.166      11.425      12.778      14.131      14.390      14.896
    T1M              9.397       9.811      10.023      11.129      12.235      12.447      12.861
    T1Y              9.109       9.504       9.707      10.763      11.819      12.022      12.417

 Residual Variances
    T2X              7.067       7.327       7.460       8.154       8.848       8.981       9.240
    T2M              6.900       7.153       7.282       7.957       8.632       8.762       9.014
    T2Y              6.523       6.763       6.886       7.528       8.169       8.292       8.532
    T3X              7.067       7.327       7.460       8.154       8.848       8.981       9.240
    T3M              6.900       7.153       7.282       7.957       8.632       8.762       9.014
    T3Y              6.523       6.763       6.886       7.528       8.169       8.292       8.532
    T4X              7.067       7.327       7.460       8.154       8.848       8.981       9.240
    T4M              6.900       7.153       7.282       7.957       8.632       8.762       9.014
    T4Y              6.523       6.763       6.886       7.528       8.169       8.292       8.532

New/Additional Parameters
    MED              0.001       0.005       0.006       0.016       0.026       0.027       0.031


CONFIDENCE INTERVALS OF STANDARDIZED MODEL RESULTS


STDYX Standardization

                  Lower .5%  Lower 2.5%    Lower 5%    Estimate    Upper 5%  Upper 2.5%   Upper .5%

 T2X      ON
    T1X              0.528       0.546       0.555       0.602       0.648       0.657       0.675

 T3X      ON
    T2X              0.528       0.546       0.555       0.602       0.648       0.657       0.675

 T4X      ON
    T3X              0.528       0.546       0.555       0.602       0.648       0.657       0.675

 T2M      ON
    T1M              0.419       0.439       0.450       0.504       0.558       0.569       0.589
    T1X              0.028       0.049       0.059       0.114       0.169       0.180       0.200

 T3M      ON
    T2M              0.419       0.439       0.450       0.504       0.558       0.569       0.589
    T2X              0.028       0.049       0.059       0.114       0.169       0.180       0.200

 T4M      ON
    T3M              0.419       0.439       0.450       0.504       0.558       0.569       0.589
    T3X              0.028       0.049       0.059       0.114       0.169       0.180       0.200

 T2Y      ON
    T1Y              0.414       0.434       0.444       0.497       0.550       0.560       0.580
    T1M              0.070       0.089       0.100       0.152       0.205       0.215       0.235
    T1X             -0.042      -0.022      -0.012       0.043       0.098       0.108       0.129

 T3Y      ON
    T2Y              0.414       0.434       0.444       0.497       0.550       0.560       0.580
    T2M              0.070       0.089       0.100       0.152       0.205       0.215       0.235
    T2X             -0.042      -0.022      -0.012       0.043       0.098       0.108       0.129

 T4Y      ON
    T3Y              0.414       0.434       0.444       0.497       0.550       0.560       0.580
    T3M              0.070       0.089       0.100       0.152       0.205       0.215       0.235
    T3X             -0.042      -0.022      -0.012       0.043       0.098       0.108       0.129

 T1X      WITH
    T1M              0.051       0.076       0.088       0.155       0.222       0.234       0.259
    T1Y              0.128       0.152       0.165       0.229       0.293       0.305       0.329

 T1M      WITH
    T1Y              0.008       0.032       0.044       0.109       0.173       0.185       0.209

 T2X      WITH
    T2M             -0.035      -0.013      -0.001       0.058       0.117       0.129       0.151
    T2Y              0.090       0.111       0.122       0.180       0.238       0.249       0.270

 T2M      WITH
    T2Y             -0.121      -0.098      -0.087      -0.027       0.032       0.043       0.066

 T3X      WITH
    T3M             -0.035      -0.013      -0.001       0.058       0.117       0.129       0.151
    T3Y              0.090       0.111       0.122       0.180       0.238       0.249       0.270

 T3M      WITH
    T3Y             -0.121      -0.098      -0.087      -0.027       0.032       0.043       0.066

 T4X      WITH
    T4M             -0.035      -0.013      -0.001       0.058       0.117       0.129       0.151
    T4Y              0.090       0.111       0.122       0.180       0.238       0.249       0.270

 T4M      WITH
    T4Y             -0.121      -0.098      -0.087      -0.027       0.032       0.043       0.066

 Means
    T1X             -0.196      -0.152      -0.130      -0.014       0.102       0.125       0.168
    T1M             -0.170      -0.126      -0.104       0.012       0.128       0.151       0.194
    T1Y             -0.195      -0.151      -0.129      -0.013       0.103       0.126       0.169

 Intercepts
    T2X             -0.176      -0.141      -0.123      -0.030       0.063       0.081       0.115
    T2M             -0.198      -0.161      -0.142      -0.044       0.055       0.073       0.110
    T2Y             -0.225      -0.188      -0.170      -0.072       0.025       0.044       0.080
    T3X             -0.223      -0.189      -0.171      -0.078       0.015       0.033       0.068
    T3M             -0.124      -0.087      -0.069       0.030       0.128       0.147       0.184
    T3Y             -0.167      -0.131      -0.112      -0.015       0.083       0.101       0.138
    T4X             -0.059      -0.025      -0.007       0.086       0.179       0.197       0.232
    T4M             -0.149      -0.113      -0.094       0.005       0.103       0.122       0.159
    T4Y             -0.088      -0.051      -0.033       0.065       0.162       0.181       0.217

 Variances
    T1X              1.000       1.000       1.000       1.000       1.000       1.000       1.000
    T1M              1.000       1.000       1.000       1.000       1.000       1.000       1.000
    T1Y              1.000       1.000       1.000       1.000       1.000       1.000       1.000

 Residual Variances
    T2X              0.550       0.571       0.582       0.638       0.695       0.705       0.727
    T2M              0.628       0.649       0.659       0.715       0.771       0.781       0.802
    T2Y              0.614       0.634       0.645       0.699       0.754       0.764       0.785
    T3X              0.550       0.571       0.582       0.638       0.695       0.705       0.727
    T3M              0.628       0.649       0.659       0.715       0.771       0.781       0.802
    T3Y              0.614       0.634       0.645       0.699       0.754       0.764       0.785
    T4X              0.550       0.571       0.582       0.638       0.695       0.705       0.727
    T4M              0.628       0.649       0.659       0.715       0.771       0.781       0.802
    T4Y              0.614       0.634       0.645       0.699       0.754       0.764       0.785


RESIDUAL OUTPUT


     ESTIMATED MODEL AND RESIDUALS (OBSERVED - ESTIMATED)


           Model Estimated Means
              T2X           T2M           T2Y           T3X           T3M
              ________      ________      ________      ________      ________
               -0.137        -0.131        -0.255        -0.360         0.019


           Model Estimated Means
              T3Y           T4X           T4M           T4Y           T1X
              ________      ________      ________      ________      ________
               -0.199         0.092        -0.013         0.101        -0.050


           Model Estimated Means
              T1M           T1Y
              ________      ________
                0.041        -0.042


           Residuals for Means
              T2X           T2M           T2Y           T3X           T3M
              ________      ________      ________      ________      ________
                0.000         0.000         0.000         0.000         0.000


           Residuals for Means
              T3Y           T4X           T4M           T4Y           T1X
              ________      ________      ________      ________      ________
                0.000         0.000         0.000         0.000         0.000


           Residuals for Means
              T1M           T1Y
              ________      ________
                0.000         0.000


           Standardized Residuals (z-scores) for Means
              T2X           T2M           T2Y           T3X           T3M
              ________      ________      ________      ________      ________
                0.000         0.000         0.000         0.000         0.000


           Standardized Residuals (z-scores) for Means
              T3Y           T4X           T4M           T4Y           T1X
              ________      ________      ________      ________      ________
                0.000         0.000         0.000         0.000         0.000


           Standardized Residuals (z-scores) for Means
              T1M           T1Y
              ________      ________
                0.000         0.000


           Normalized Residuals for Means
              T2X           T2M           T2Y           T3X           T3M
              ________      ________      ________      ________      ________
                0.000         0.000         0.000         0.000         0.000


           Normalized Residuals for Means
              T3Y           T4X           T4M           T4Y           T1X
              ________      ________      ________      ________      ________
                0.000         0.000         0.000         0.000         0.000


           Normalized Residuals for Means
              T1M           T1Y
              ________      ________
                0.000         0.000


           Model Estimated Covariances
              T2X           T2M           T2Y           T3X           T3M
              ________      ________      ________      ________      ________
 T2X           12.778
 T2M            1.847        11.129
 T2Y            2.683         1.188        10.763
 T3X            7.686         1.111         1.614        12.778
 T3M            2.295         5.807         0.885         1.847        11.129
 T3Y            2.116         2.330         5.636         2.683         1.188
 T4X            4.624         0.668         0.971         7.686         1.111
 T4M            1.978         3.046         0.619         2.295         5.807
 T4Y            1.700         2.072         2.999         2.116         2.330
 T1X            7.686         2.295         2.116         4.624         1.978
 T1M            1.111         5.807         2.330         0.668         3.046
 T1Y            1.614         0.885         5.636         0.971         0.619


           Model Estimated Covariances
              T3Y           T4X           T4M           T4Y           T1X
              ________      ________      ________      ________      ________
 T3Y           10.763
 T4X            1.614        12.778
 T4M            0.885         1.847        11.129
 T4Y            5.636         2.683         1.188        10.763
 T1X            1.700         2.781         1.491         1.324        12.778
 T1M            2.072         0.402         1.607         1.513         1.847
 T1Y            2.999         0.584         0.415         1.622         2.683


           Model Estimated Covariances
              T1M           T1Y
              ________      ________
 T1M           11.129
 T1Y            1.188        10.763


           Model Estimated Correlations
              T2X           T2M           T2Y           T3X           T3M
              ________      ________      ________      ________      ________
 T2X            1.000
 T2M            0.155         1.000
 T2Y            0.229         0.109         1.000
 T3X            0.602         0.093         0.138         1.000
 T3M            0.192         0.522         0.081         0.155         1.000
 T3Y            0.180         0.213         0.524         0.229         0.109
 T4X            0.362         0.056         0.083         0.602         0.093
 T4M            0.166         0.274         0.057         0.192         0.522
 T4Y            0.145         0.189         0.279         0.180         0.213
 T1X            0.602         0.192         0.180         0.362         0.166
 T1M            0.093         0.522         0.213         0.056         0.274
 T1Y            0.138         0.081         0.524         0.083         0.057


           Model Estimated Correlations
              T3Y           T4X           T4M           T4Y           T1X
              ________      ________      ________      ________      ________
 T3Y            1.000
 T4X            0.138         1.000
 T4M            0.081         0.155         1.000
 T4Y            0.524         0.229         0.109         1.000
 T1X            0.145         0.218         0.125         0.113         1.000
 T1M            0.189         0.034         0.144         0.138         0.155
 T1Y            0.279         0.050         0.038         0.151         0.229


           Model Estimated Correlations
              T1M           T1Y
              ________      ________
 T1M            1.000
 T1Y            0.109         1.000


           Residuals for Covariances
              T2X           T2M           T2Y           T3X           T3M
              ________      ________      ________      ________      ________
 T2X            0.783
 T2M            0.415        -1.280
 T2Y            0.221         0.045         0.032
 T3X            0.406         1.021         0.928        -0.162
 T3M           -0.639        -1.248         1.398         0.432        -0.394
 T3Y            0.041        -1.484         0.822         0.017         0.226
 T4X            1.398         1.234         0.245         0.453         0.561
 T4M           -0.070         0.339         0.819        -0.024         0.528
 T4Y            0.052        -1.003         1.224         0.320         0.802
 T1X           -0.596         0.913        -0.109         1.326         0.786
 T1M            0.200         0.093         1.218         0.199         0.138
 T1Y            1.012        -0.256        -0.585         0.869         0.684


           Residuals for Covariances
              T3Y           T4X           T4M           T4Y           T1X
              ________      ________      ________      ________      ________
 T3Y            0.230
 T4X            0.044         0.553
 T4M            0.063        -0.170         1.032
 T4Y            0.267         0.348         0.438         1.377
 T1X           -0.017         1.955         1.830         1.197        -1.082
 T1M           -0.365         0.501         0.598         0.159         0.121
 T1Y            0.143         0.198         0.720         0.451         0.694


           Residuals for Covariances
              T1M           T1Y
              ________      ________
 T1M            0.475
 T1Y            0.122        -1.140


           Residuals for Correlations
              T2X           T2M           T2Y           T3X           T3M
              ________      ________      ________      ________      ________
 T2X            0.000
 T2M            0.041         0.000
 T2Y            0.011         0.011         0.000
 T3X            0.017         0.098         0.080         0.000
 T3M           -0.055        -0.078         0.131         0.041         0.000
 T3Y           -0.004        -0.132         0.069         0.001         0.022
 T4X            0.086         0.110         0.019         0.026         0.047
 T4M           -0.017         0.036         0.069        -0.009         0.033
 T4Y           -0.008        -0.092         0.090         0.016         0.061
 T1X           -0.039         0.106        -0.002         0.128         0.081
 T1M            0.011         0.030         0.104         0.016         0.012
 T1Y            0.092        -0.016        -0.028         0.084         0.072


           Residuals for Correlations
              T3Y           T4X           T4M           T4Y           T1X
              ________      ________      ________      ________      ________
 T3Y            0.000
 T4X           -0.001         0.000
 T4M            0.001        -0.023         0.000
 T4Y           -0.013         0.009         0.025         0.000
 T1X            0.003         0.162         0.153         0.099         0.000
 T1M           -0.038         0.039         0.041         0.003         0.014
 T1Y            0.027         0.019         0.067         0.041         0.090


           Residuals for Correlations
              T1M           T1Y
              ________      ________
 T1M            0.000
 T1Y            0.015         0.000


           Standardized Residuals (z-scores) for Covariances
              T2X           T2M           T2Y           T3X           T3M
              ________      ________      ________      ________      ________
 T2X            0.726
 T2M            0.629        -1.779
 T2Y            0.306         0.077         0.037
 T3X            0.534         1.391         1.195        -0.169
 T3M           -1.012        -2.543         1.918         0.648        -0.471
 T3Y            0.061        -2.728         1.218         0.025         0.355
 T4X            1.748         1.554         0.298         0.601         0.709
 T4M           -0.094         0.529         1.030        -0.036         0.777
 T4Y            0.069        -1.562         1.683         0.464         1.194
 T1X           -0.899         1.710        -0.189         1.936         1.276
 T1M            0.240         0.157         1.836         0.240         0.211
 T1Y            1.332        -0.404        -1.066         1.148         0.977


           Standardized Residuals (z-scores) for Covariances
              T3Y           T4X           T4M           T4Y           T1X
              ________      ________      ________      ________      ________
 T3Y            0.257
 T4X            0.055         0.527
 T4M            0.082        -0.226         1.018
 T4Y            0.379         0.448         0.588         1.336
 T1X           -0.027         2.496         2.395         1.590        -1.301
 T1M           -0.537         0.575         0.766         0.205         0.182
 T1Y            0.237         0.251         0.949         0.640         1.143


           Standardized Residuals (z-scores) for Covariances
              T1M           T1Y
              ________      ________
 T1M            0.503
 T1Y            0.200        -1.591


           Normalized Residuals for Covariances
              T2X           T2M           T2Y           T3X           T3M
              ________      ________      ________      ________      ________
 T2X            0.577
 T2M            0.499        -1.300
 T2Y            0.251         0.061         0.030
 T3X            0.373         1.273         1.099        -0.128
 T3M           -0.742        -1.570         1.796         0.516        -0.367
 T3Y            0.047        -2.010         0.918         0.020         0.291
 T4X            1.342         1.503         0.287         0.418         0.657
 T4M           -0.077         0.419         1.003        -0.027         0.572
 T4Y            0.057        -1.291         1.419         0.359         0.959
 T1X           -0.583         1.153        -0.135         1.387         0.963
 T1M            0.224         0.108         1.467         0.233         0.168
 T1Y            1.221        -0.371        -0.727         1.100         0.944


           Normalized Residuals for Covariances
              T3Y           T4X           T4M           T4Y           T1X
              ________      ________      ________      ________      ________
 T3Y            0.209
 T4X            0.051         0.415
 T4M            0.077        -0.187         0.849
 T4Y            0.291         0.376         0.506         1.134
 T1X           -0.021         2.071         2.090         1.390        -0.925
 T1M           -0.451         0.568         0.700         0.188         0.145
 T1Y            0.188         0.246         0.936         0.580         0.881


           Normalized Residuals for Covariances
              T1M           T1Y
              ________      ________
 T1M            0.410
 T1Y            0.162        -1.185


DIAGRAM INFORMATION

  Use View Diagram under the Diagram menu in the Mplus Editor to view the diagram.
  If running Mplus from the Mplus Diagrammer, the diagram opens automatically.

  Diagram output
    c:\users\yyang3\dropbox\empirical example for amm paper\amm with composite scores.dgm

     Beginning Time:  11:04:53
        Ending Time:  11:04:53
       Elapsed Time:  00:00:00



MUTHEN & MUTHEN
3463 Stoner Ave.
Los Angeles, CA  90066

Tel: (310) 391-9971
Fax: (310) 391-8971
Web: www.StatModel.com
Support: Support@StatModel.com

Copyright (c) 1998-2018 Muthen & Muthen
